#
# There is insufficient memory for the Java Runtime Environment to continue.
# Native memory allocation (mmap) failed to map 268435456 bytes for committing reserved memory.
# Possible reasons:
#   The system is out of physical RAM or swap space
#   In 32 bit mode, the process size limit was hit
# Possible solutions:
#   Reduce memory load on the system
#   Increase physical memory or swap space
#   Check if swap backing store is full
#   Use 64 bit Java on a 64 bit OS
#   Decrease Java heap size (-Xmx/-Xms)
#   Decrease number of Java threads
#   Decrease Java thread stack sizes (-Xss)
#   Set larger code cache with -XX:ReservedCodeCacheSize=
# This output file may be truncated or incomplete.
#
#  Out of Memory Error (os_linux.cpp:2627), pid=20479, tid=0x00007fb0c81af700
#
# JRE version: OpenJDK Runtime Environment (8.0_112-b06) (build 1.8.0_112-release-b06)
# Java VM: OpenJDK 64-Bit Server VM (25.112-b06 mixed mode linux-amd64 compressed oops)
# Core dump written. Default location: /root/StudioProjects/SNAP_AT/core or core.20479
#

---------------  T H R E A D  ---------------

Current thread (0x00007fb0d8078000):  VMThread [stack: 0x00007fb0c80af000,0x00007fb0c81b0000] [id=20487]

Stack: [0x00007fb0c80af000,0x00007fb0c81b0000],  sp=0x00007fb0c81ae4d0,  free space=1021k
Native frames: (J=compiled Java code, j=interpreted, Vv=VM code, C=native code)
V  [libjvm.so+0x9e465d]  VMError::report_and_die()+0x15d
V  [libjvm.so+0x4b6ada]  report_vm_out_of_memory(char const*, int, unsigned long, VMErrorType, char const*)+0x8a
V  [libjvm.so+0x84c860]  os::pd_commit_memory(char*, unsigned long, unsigned long, bool)+0xf0
V  [libjvm.so+0x84737f]  os::commit_memory(char*, unsigned long, unsigned long, bool)+0x1f
V  [libjvm.so+0x8bd3db]  PSVirtualSpace::expand_by(unsigned long)+0x5b
V  [libjvm.so+0x8ae1bb]  PSOldGen::expand_by(unsigned long) [clone .part.109]+0x1b
V  [libjvm.so+0x8ae37b]  PSOldGen::expand(unsigned long) [clone .part.111]+0xdb
V  [libjvm.so+0x8aec58]  PSOldGen::resize(unsigned long)+0x188
V  [libjvm.so+0x8b426c]  PSParallelCompact::invoke_no_policy(bool)+0x97c
V  [libjvm.so+0x8bb37d]  PSScavenge::invoke()+0x17d
V  [libjvm.so+0x9e62b5]  VM_ParallelGCSystemGC::doit()+0xf5
V  [libjvm.so+0x9ea537]  VM_Operation::evaluate()+0x47
V  [libjvm.so+0x9e8ff8]  VMThread::evaluate_operation(VM_Operation*)+0x2c8
V  [libjvm.so+0x9e9479]  VMThread::loop()+0x219
V  [libjvm.so+0x9e98c2]  VMThread::run()+0x72
V  [libjvm.so+0x849c82]  java_start(Thread*)+0xf2

VM_Operation (0x00007fb0627a8e40): ParallelGCSystemGC, mode: safepoint, requested by thread 0x00007fb0333bf000


---------------  P R O C E S S  ---------------

Java Threads: ( => current thread )
  0x00007fb0333bf000 JavaThread "config-1-worker-3" daemon [_thread_blocked, id=20618, stack(0x00007fb0625aa000,0x00007fb0627ab000)]
  0x00007fb0333be800 JavaThread "config-1-worker-2" daemon [_thread_blocked, id=20617, stack(0x00007fb0627ab000,0x00007fb0629ac000)]
  0x00007fb0333bd800 JavaThread "config-1-worker-1" daemon [_thread_blocked, id=20616, stack(0x00007fb0623a9000,0x00007fb0625aa000)]
  0x00007fb032e8d000 JavaThread "config-1-worker-0" daemon [_thread_blocked, id=20615, stack(0x00007fb0629ac000,0x00007fb062bad000)]
  0x00007fb07c156800 JavaThread "Jack reporter" [_thread_blocked, id=20608, stack(0x00007fb0638b2000,0x00007fb0639b3000)]
  0x00007fb07c035800 JavaThread "Cache update executor" [_thread_blocked, id=20607, stack(0x00007fb0b84ae000,0x00007fb0b85af000)]
  0x00007fb07c019000 JavaThread "Stdin handler" [_thread_blocked, id=20604, stack(0x00007fb0ba71e000,0x00007fb0ba81f000)]
  0x00007fb07c013800 JavaThread "Asynchronous log dispatcher for DefaultDaemonConnection: socket connection from /127.0.0.1:42165 to /127.0.0.1:58734" [_thread_blocked, id=20603, stack(0x00007fb0ba81f000,0x00007fb0ba920000)]
  0x00007fb088018000 JavaThread "Daemon worker Thread 2" [_thread_blocked, id=20601, stack(0x00007fb0bab22000,0x00007fb0bac23000)]
  0x00007fb088017800 JavaThread "Cancel handler" [_thread_blocked, id=20600, stack(0x00007fb0bae49000,0x00007fb0baf4a000)]
  0x00007fb08800b800 JavaThread "Handler for socket connection from /127.0.0.1:42165 to /127.0.0.1:58734" [_thread_in_native, id=20599, stack(0x00007fb0ba920000,0x00007fb0baa21000)]
  0x00007fb084015800 JavaThread "Daemon Thread 2" [_thread_blocked, id=20598, stack(0x00007fb0baf4a000,0x00007fb0bb04b000)]
  0x00007fb078e69800 JavaThread "File lock request listener" [_thread_in_native, id=20508, stack(0x00007fb0b9b6a000,0x00007fb0b9c6b000)]
  0x00007fb0d8da4000 JavaThread "pool-1-thread-1" [_thread_blocked, id=20500, stack(0x00007fb0baa21000,0x00007fb0bab22000)]
  0x00007fb0d8d1e800 JavaThread "Incoming local TCP Connector on port 42165" [_thread_in_native, id=20496, stack(0x00007fb0bb24b000,0x00007fb0bb34c000)]
  0x00007fb0d80c8800 JavaThread "Service Thread" daemon [_thread_blocked, id=20494, stack(0x00007fb0c075e000,0x00007fb0c085f000)]
  0x00007fb0d80bd000 JavaThread "C1 CompilerThread2" daemon [_thread_blocked, id=20493, stack(0x00007fb0c085f000,0x00007fb0c0960000)]
  0x00007fb0d80bb800 JavaThread "C2 CompilerThread1" daemon [_thread_blocked, id=20492, stack(0x00007fb0c0960000,0x00007fb0c0a61000)]
  0x00007fb0d80b8800 JavaThread "C2 CompilerThread0" daemon [_thread_blocked, id=20491, stack(0x00007fb0c0a61000,0x00007fb0c0b62000)]
  0x00007fb0d80b4000 JavaThread "Signal Dispatcher" daemon [_thread_blocked, id=20490, stack(0x00007fb0c0b62000,0x00007fb0c0c63000)]
  0x00007fb0d8084000 JavaThread "Finalizer" daemon [_thread_blocked, id=20489, stack(0x00007fb0c0dfe000,0x00007fb0c0eff000)]
  0x00007fb0d807f800 JavaThread "Reference Handler" daemon [_thread_blocked, id=20488, stack(0x00007fb0c0eff000,0x00007fb0c1000000)]
  0x00007fb0d800a800 JavaThread "main" [_thread_blocked, id=20482, stack(0x00007fb0e0994000,0x00007fb0e0a95000)]

Other Threads:
=>0x00007fb0d8078000 VMThread [stack: 0x00007fb0c80af000,0x00007fb0c81b0000] [id=20487]
  0x00007fb0d80cb000 WatcherThread [stack: 0x00007fb0c065d000,0x00007fb0c075e000] [id=20495]

VM state:at safepoint (normal execution)

VM Mutex/Monitor currently owned by a thread:  ([mutex/lock_event])
[0x00007fb0d8006980] ExpandHeap_lock - owner thread: 0x00007fb0d8078000
[0x00007fb0d8007000] Threads_lock - owner thread: 0x00007fb0d8078000
[0x00007fb0d8007500] Heap_lock - owner thread: 0x00007fb0333bf000

Heap:
 PSYoungGen      total 342528K, used 0K [0x00000000e0000000, 0x00000000fe600000, 0x0000000100000000)
  eden space 184320K, 0% used [0x00000000e0000000,0x00000000e0000000,0x00000000eb400000)
  from space 158208K, 0% used [0x00000000eb400000,0x00000000eb400000,0x00000000f4e80000)
  to   space 149504K, 0% used [0x00000000f5400000,0x00000000f5400000,0x00000000fe600000)
 ParOldGen       total 775680K, used 715103K [0x00000000a0000000, 0x00000000cf580000, 0x00000000e0000000)
  object space 775680K, 92% used [0x00000000a0000000,0x00000000cba57eb8,0x00000000cf580000)
 Metaspace       used 73430K, capacity 75602K, committed 75904K, reserved 1116160K
  class space    used 9534K, capacity 10040K, committed 10112K, reserved 1048576K

Card table byte_map: [0x00007fb0dd4f9000,0x00007fb0dd7fa000] byte_map_base: 0x00007fb0dcff9000

Marking Bits: (ParMarkBitMap*) 0x00007fb0dfe77340
 Begin Bits: [0x00007fb0c1000000, 0x00007fb0c2800000)
 End Bits:   [0x00007fb0c2800000, 0x00007fb0c4000000)

Polling page: 0x00007fb0e0ab7000

CodeCache: size=245760Kb used=32913Kb max_used=33092Kb free=212846Kb
 bounds [0x00007fb0c9000000, 0x00007fb0cb090000, 0x00007fb0d8000000]
 total_blobs=11781 nmethods=10978 adapters=713
 compilation: enabled

Compilation events (10 events):
Event: 132,157 Thread 0x00007fb0d80bd000 14702       3       com.android.jack.jayce.v0004.io.Token$80::newNode (8 bytes)
Event: 132,158 Thread 0x00007fb0d80bd000 nmethod 14702 0x00007fb0cacce0d0 code [0x00007fb0cacce260, 0x00007fb0cacce570]
Event: 132,159 Thread 0x00007fb0d80bd000 14703       3       com.android.jack.jayce.v0004.nodes.NModOperation::readContent (27 bytes)
Event: 132,159 Thread 0x00007fb0d80bd000 nmethod 14703 0x00007fb0c943b190 code [0x00007fb0c943b320, 0x00007fb0c943b758]
Event: 132,356 Thread 0x00007fb0d80bb800 14704       4       com.android.jack.jayce.v0004.nodes.NThrownExceptionMarker::importFromJast (17 bytes)
Event: 132,357 Thread 0x00007fb0d80bb800 nmethod 14704 0x00007fb0c97a3850 code [0x00007fb0c97a39c0, 0x00007fb0c97a3ae8]
Event: 132,358 Thread 0x00007fb0d80bd000 14705       3       com.android.jack.ir.ast.JAnnotationMethod::visitChildren (21 bytes)
Event: 132,359 Thread 0x00007fb0d80bd000 nmethod 14705 0x00007fb0ca6b4f90 code [0x00007fb0ca6b5140, 0x00007fb0ca6b5598]
Event: 132,524 Thread 0x00007fb0d80bb800 14706       4       java.util.RegularEnumSet::contains (57 bytes)
Event: 132,526 Thread 0x00007fb0d80bb800 nmethod 14706 0x00007fb0cad21c10 code [0x00007fb0cad21d60, 0x00007fb0cad21e98]

GC Heap History (10 events):
Event: 131,544 GC heap after
Heap after GC invocations=58 (full 9):
 PSYoungGen      total 349696K, used 48221K [0x00000000e0000000, 0x0000000100000000, 0x0000000100000000)
  eden space 175104K, 0% used [0x00000000e0000000,0x00000000e0000000,0x00000000eab00000)
  from space 174592K, 27% used [0x00000000eab00000,0x00000000eda17638,0x00000000f5580000)
  to   space 174592K, 0% used [0x00000000f5580000,0x00000000f5580000,0x0000000100000000)
 ParOldGen       total 775680K, used 565705K [0x00000000a0000000, 0x00000000cf580000, 0x00000000e0000000)
  object space 775680K, 72% used [0x00000000a0000000,0x00000000c2872480,0x00000000cf580000)
 Metaspace       used 73429K, capacity 75602K, committed 75904K, reserved 1116160K
  class space    used 9534K, capacity 10040K, committed 10112K, reserved 1048576K
}
Event: 131,545 GC heap before
{Heap before GC invocations=59 (full 9):
 PSYoungGen      total 349696K, used 50060K [0x00000000e0000000, 0x0000000100000000, 0x0000000100000000)
  eden space 175104K, 1% used [0x00000000e0000000,0x00000000e01cbd00,0x00000000eab00000)
  from space 174592K, 27% used [0x00000000eab00000,0x00000000eda17638,0x00000000f5580000)
  to   space 174592K, 0% used [0x00000000f5580000,0x00000000f5580000,0x0000000100000000)
 ParOldGen       total 775680K, used 565705K [0x00000000a0000000, 0x00000000cf580000, 0x00000000e0000000)
  object space 775680K, 72% used [0x00000000a0000000,0x00000000c2872480,0x00000000cf580000)
 Metaspace       used 73429K, capacity 75602K, committed 75904K, reserved 1116160K
  class space    used 9534K, capacity 10040K, committed 10112K, reserved 1048576K
Event: 131,612 GC heap after
Heap after GC invocations=59 (full 9):
 PSYoungGen      total 349696K, used 32K [0x00000000e0000000, 0x0000000100000000, 0x0000000100000000)
  eden space 175104K, 0% used [0x00000000e0000000,0x00000000e0000000,0x00000000eab00000)
  from space 174592K, 0% used [0x00000000f5580000,0x00000000f5588000,0x0000000100000000)
  to   space 174592K, 0% used [0x00000000eab00000,0x00000000eab00000,0x00000000f5580000)
 ParOldGen       total 775680K, used 613794K [0x00000000a0000000, 0x00000000cf580000, 0x00000000e0000000)
  object space 775680K, 79% used [0x00000000a0000000,0x00000000c5768870,0x00000000cf580000)
 Metaspace       used 73429K, capacity 75602K, committed 75904K, reserved 1116160K
  class space    used 9534K, capacity 10040K, committed 10112K, reserved 1048576K
}
Event: 131,873 GC heap before
{Heap before GC invocations=60 (full 9):
 PSYoungGen      total 349696K, used 175136K [0x00000000e0000000, 0x0000000100000000, 0x0000000100000000)
  eden space 175104K, 100% used [0x00000000e0000000,0x00000000eab00000,0x00000000eab00000)
  from space 174592K, 0% used [0x00000000f5580000,0x00000000f5588000,0x0000000100000000)
  to   space 174592K, 0% used [0x00000000eab00000,0x00000000eab00000,0x00000000f5580000)
 ParOldGen       total 775680K, used 613794K [0x00000000a0000000, 0x00000000cf580000, 0x00000000e0000000)
  object space 775680K, 79% used [0x00000000a0000000,0x00000000c5768870,0x00000000cf580000)
 Metaspace       used 73429K, capacity 75602K, committed 75904K, reserved 1116160K
  class space    used 9534K, capacity 10040K, committed 10112K, reserved 1048576K
Event: 131,932 GC heap after
Heap after GC invocations=60 (full 9):
 PSYoungGen      total 224768K, used 49439K [0x00000000e0000000, 0x00000000ff200000, 0x0000000100000000)
  eden space 175104K, 0% used [0x00000000e0000000,0x00000000e0000000,0x00000000eab00000)
  from space 49664K, 99% used [0x00000000eab00000,0x00000000edb47ca0,0x00000000edb80000)
  to   space 167424K, 0% used [0x00000000f4e80000,0x00000000f4e80000,0x00000000ff200000)
 ParOldGen       total 775680K, used 613802K [0x00000000a0000000, 0x00000000cf580000, 0x00000000e0000000)
  object space 775680K, 79% used [0x00000000a0000000,0x00000000c576a870,0x00000000cf580000)
 Metaspace       used 73429K, capacity 75602K, committed 75904K, reserved 1116160K
  class space    used 9534K, capacity 10040K, committed 10112K, reserved 1048576K
}
Event: 132,181 GC heap before
{Heap before GC invocations=61 (full 9):
 PSYoungGen      total 224768K, used 224543K [0x00000000e0000000, 0x00000000ff200000, 0x0000000100000000)
  eden space 175104K, 100% used [0x00000000e0000000,0x00000000eab00000,0x00000000eab00000)
  from space 49664K, 99% used [0x00000000eab00000,0x00000000edb47ca0,0x00000000edb80000)
  to   space 167424K, 0% used [0x00000000f4e80000,0x00000000f4e80000,0x00000000ff200000)
 ParOldGen       total 775680K, used 613802K [0x00000000a0000000, 0x00000000cf580000, 0x00000000e0000000)
  object space 775680K, 79% used [0x00000000a0000000,0x00000000c576a888,0x00000000cf580000)
 Metaspace       used 73430K, capacity 75602K, committed 75904K, reserved 1116160K
  class space    used 9534K, capacity 10040K, committed 10112K, reserved 1048576K
Event: 132,287 GC heap after
Heap after GC invocations=61 (full 9):
 PSYoungGen      total 351744K, used 48045K [0x00000000e0000000, 0x00000000ff300000, 0x0000000100000000)
  eden space 184320K, 0% used [0x00000000e0000000,0x00000000e0000000,0x00000000eb400000)
  from space 167424K, 28% used [0x00000000f4e80000,0x00000000f7d6b740,0x00000000ff200000)
  to   space 158208K, 0% used [0x00000000eb400000,0x00000000eb400000,0x00000000f4e80000)
 ParOldGen       total 775680K, used 659420K [0x00000000a0000000, 0x00000000cf580000, 0x00000000e0000000)
  object space 775680K, 85% used [0x00000000a0000000,0x00000000c83f7358,0x00000000cf580000)
 Metaspace       used 73430K, capacity 75602K, committed 75904K, reserved 1116160K
  class space    used 9534K, capacity 10040K, committed 10112K, reserved 1048576K
}
Event: 132,561 GC heap before
{Heap before GC invocations=62 (full 9):
 PSYoungGen      total 351744K, used 232365K [0x00000000e0000000, 0x00000000ff300000, 0x0000000100000000)
  eden space 184320K, 100% used [0x00000000e0000000,0x00000000eb400000,0x00000000eb400000)
  from space 167424K, 28% used [0x00000000f4e80000,0x00000000f7d6b740,0x00000000ff200000)
  to   space 158208K, 0% used [0x00000000eb400000,0x00000000eb400000,0x00000000f4e80000)
 ParOldGen       total 775680K, used 659441K [0x00000000a0000000, 0x00000000cf580000, 0x00000000e0000000)
  object space 775680K, 85% used [0x00000000a0000000,0x00000000c83fc6d0,0x00000000cf580000)
 Metaspace       used 73430K, capacity 75602K, committed 75904K, reserved 1116160K
  class space    used 9534K, capacity 10040K, committed 10112K, reserved 1048576K
Event: 132,667 GC heap after
Heap after GC invocations=62 (full 9):
 PSYoungGen      total 342528K, used 49111K [0x00000000e0000000, 0x00000000fe600000, 0x0000000100000000)
  eden space 184320K, 0% used [0x00000000e0000000,0x00000000e0000000,0x00000000eb400000)
  from space 158208K, 31% used [0x00000000eb400000,0x00000000ee3f5fe8,0x00000000f4e80000)
  to   space 149504K, 0% used [0x00000000f5400000,0x00000000f5400000,0x00000000fe600000)
 ParOldGen       total 775680K, used 703000K [0x00000000a0000000, 0x00000000cf580000, 0x00000000e0000000)
  object space 775680K, 90% used [0x00000000a0000000,0x00000000cae86388,0x00000000cf580000)
 Metaspace       used 73430K, capacity 75602K, committed 75904K, reserved 1116160K
  class space    used 9534K, capacity 10040K, committed 10112K, reserved 1048576K
}
Event: 132,667 GC heap before
{Heap before GC invocations=63 (full 10):
 PSYoungGen      total 342528K, used 49111K [0x00000000e0000000, 0x00000000fe600000, 0x0000000100000000)
  eden space 184320K, 0% used [0x00000000e0000000,0x00000000e0000000,0x00000000eb400000)
  from space 158208K, 31% used [0x00000000eb400000,0x00000000ee3f5fe8,0x00000000f4e80000)
  to   space 149504K, 0% used [0x00000000f5400000,0x00000000f5400000,0x00000000fe600000)
 ParOldGen       total 775680K, used 703000K [0x00000000a0000000, 0x00000000cf580000, 0x00000000e0000000)
  object space 775680K, 90% used [0x00000000a0000000,0x00000000cae86388,0x00000000cf580000)
 Metaspace       used 73430K, capacity 75602K, committed 75904K, reserved 1116160K
  class space    used 9534K, capacity 10040K, committed 10112K, reserved 1048576K

Deoptimization events (10 events):
Event: 125,880 Thread 0x00007fb0333be800 Uncommon trap: reason=unstable_if action=reinterpret pc=0x00007fb0ca6a3120 method=com.android.jack.google.common.collect.MapMakerInternalMap$Segment.getEntry(Ljava/lang/Object;I)Lcom/android/jack/google/common/collect/MapMakerInternalMap$ReferenceEntry; @
Event: 125,880 Thread 0x00007fb0333be800 Uncommon trap: reason=unstable_if action=reinterpret pc=0x00007fb0ca746fc8 method=com.android.jack.google.common.collect.MapMakerInternalMap$Segment.put(Ljava/lang/Object;ILjava/lang/Object;Z)Ljava/lang/Object; @ 97
Event: 125,880 Thread 0x00007fb0333be800 Uncommon trap: reason=unstable_if action=reinterpret pc=0x00007fb0ca6dfc74 method=com.android.jack.google.common.collect.MapMakerInternalMap$Segment.getEntry(Ljava/lang/Object;I)Lcom/android/jack/google/common/collect/MapMakerInternalMap$ReferenceEntry; @
Event: 125,880 Thread 0x00007fb0333be800 Uncommon trap: reason=unstable_if action=reinterpret pc=0x00007fb0ca6e15e4 method=com.android.jack.google.common.collect.MapMakerInternalMap$Segment.getEntry(Ljava/lang/Object;I)Lcom/android/jack/google/common/collect/MapMakerInternalMap$ReferenceEntry; @
Event: 125,880 Thread 0x00007fb0333be800 Uncommon trap: reason=unstable_if action=reinterpret pc=0x00007fb0ca6c59ac method=com.android.jack.google.common.collect.MapMakerInternalMap$Segment.getEntry(Ljava/lang/Object;I)Lcom/android/jack/google/common/collect/MapMakerInternalMap$ReferenceEntry; @
Event: 125,886 Thread 0x00007fb0333bf000 Uncommon trap: reason=unstable_if action=reinterpret pc=0x00007fb0ca52f6a8 method=com.android.jack.google.common.collect.MapMakerInternalMap$Segment.getEntry(Ljava/lang/Object;I)Lcom/android/jack/google/common/collect/MapMakerInternalMap$ReferenceEntry; @
Event: 125,910 Thread 0x00007fb0333be800 Uncommon trap: reason=unstable_if action=reinterpret pc=0x00007fb0ca5f6f60 method=com.android.jack.google.common.collect.MapMakerInternalMap$Segment.getEntry(Ljava/lang/Object;I)Lcom/android/jack/google/common/collect/MapMakerInternalMap$ReferenceEntry; @
Event: 127,229 Thread 0x00007fb032e8d000 Uncommon trap: reason=class_check action=maybe_recompile pc=0x00007fb0ca3dd1fc method=com.android.jack.jayce.v0004.nodes.NNeqOperation.importFromJast(Lcom/android/jack/jayce/v0004/io/ImportHelper;Ljava/lang/Object;)V @ 14
Event: 127,229 Thread 0x00007fb032e8d000 Uncommon trap: reason=bimorphic action=maybe_recompile pc=0x00007fb0ca8997a0 method=com.android.jack.jayce.v0004.io.ImportHelper.getSignatureNameList(Ljava/util/Collection;)Ljava/util/List; @ 1
Event: 131,025 Thread 0x00007fb0333be800 Uncommon trap: reason=class_check action=maybe_recompile pc=0x00007fb0ca63f538 method=com.android.jack.jayce.v0004.io.ImportHelper.getIds(Lcom/android/jack/jayce/linker/SymbolManager;Ljava/util/List;)Ljava/util/List; @ 5

Internal exceptions (10 events):
Event: 120,095 Thread 0x00007fb088018000 Exception <a 'java/lang/ArrayIndexOutOfBoundsException'> (0x00000000ea6e93a0) thrown at [/ssd/Android/AOSP-openjdk/external/jetbrains/jdk/hotspot/src/share/vm/runtime/sharedRuntime.cpp, line 605]
Event: 120,095 Thread 0x00007fb088018000 Exception <a 'java/lang/ArrayIndexOutOfBoundsException'> (0x00000000ea6efb78) thrown at [/ssd/Android/AOSP-openjdk/external/jetbrains/jdk/hotspot/src/share/vm/runtime/sharedRuntime.cpp, line 605]
Event: 121,573 Thread 0x00007fb088018000 Implicit null exception at 0x00007fb0ca7e0993 to 0x00007fb0ca7e1269
Event: 125,880 Thread 0x00007fb0333be800 Implicit null exception at 0x00007fb0ca6a1c29 to 0x00007fb0ca6a30f9
Event: 125,880 Thread 0x00007fb0333be800 Implicit null exception at 0x00007fb0ca745fad to 0x00007fb0ca746f81
Event: 125,880 Thread 0x00007fb0333be800 Implicit null exception at 0x00007fb0ca6df640 to 0x00007fb0ca6dfc51
Event: 125,880 Thread 0x00007fb0333be800 Implicit null exception at 0x00007fb0ca6e0fa6 to 0x00007fb0ca6e15bd
Event: 125,880 Thread 0x00007fb0333be800 Implicit null exception at 0x00007fb0ca6c571b to 0x00007fb0ca6c5989
Event: 125,886 Thread 0x00007fb0333bf000 Implicit null exception at 0x00007fb0ca52e494 to 0x00007fb0ca52f65d
Event: 125,910 Thread 0x00007fb0333be800 Implicit null exception at 0x00007fb0ca5f68e9 to 0x00007fb0ca5f6f35

Events (10 events):
Event: 132,358 Thread 0x00007fb0d80bb800 flushing nmethod 0x00007fb0ca2c6190
Event: 132,358 Thread 0x00007fb0d80bb800 flushing nmethod 0x00007fb0ca2e7c10
Event: 132,359 Thread 0x00007fb0d80bd000 flushing nmethod 0x00007fb0ca354e90
Event: 132,359 Thread 0x00007fb0d80bd000 flushing nmethod 0x00007fb0ca3da190
Event: 132,526 Thread 0x00007fb0d80bb800 flushing nmethod 0x00007fb0ca55a590
Event: 132,527 Thread 0x00007fb0d80bb800 flushing nmethod 0x00007fb0ca5c9010
Event: 132,527 Thread 0x00007fb0d80bb800 flushing nmethod 0x00007fb0ca6209d0
Event: 132,561 Executing VM operation: ParallelGCFailedAllocation
Event: 132,561 Executing VM operation: ParallelGCFailedAllocation done
Event: 132,561 Executing VM operation: ParallelGCSystemGC


Dynamic libraries:
00400000-00401000 r-xp 00000000 08:03 2899690                            /opt/android-studio/jre/bin/java
00600000-00601000 r--p 00000000 08:03 2899690                            /opt/android-studio/jre/bin/java
00601000-00602000 rw-p 00001000 08:03 2899690                            /opt/android-studio/jre/bin/java
015fb000-0161c000 rw-p 00000000 00:00 0                                  [heap]
a0000000-cf580000 rw-p 00000000 00:00 0 
df580000-e0000000 ---p 00000000 00:00 0 
e0000000-fe600000 rw-p 00000000 00:00 0 
fe600000-100000000 ---p 00000000 00:00 0 
100000000-1009e0000 rw-p 00000000 00:00 0 
1009e0000-140000000 ---p 00000000 00:00 0 
7fb030000000-7fb0333c0000 rw-p 00000000 00:00 0 
7fb0333c0000-7fb034000000 ---p 00000000 00:00 0 
7fb038000000-7fb039f14000 rw-p 00000000 00:00 0 
7fb039f14000-7fb03c000000 ---p 00000000 00:00 0 
7fb03c000000-7fb03fb1d000 rw-p 00000000 00:00 0 
7fb03fb1d000-7fb040000000 ---p 00000000 00:00 0 
7fb040000000-7fb04260a000 rw-p 00000000 00:00 0 
7fb04260a000-7fb044000000 ---p 00000000 00:00 0 
7fb044000000-7fb047ffb000 rw-p 00000000 00:00 0 
7fb047ffb000-7fb048000000 ---p 00000000 00:00 0 
7fb048000000-7fb04a5c9000 rw-p 00000000 00:00 0 
7fb04a5c9000-7fb04c000000 ---p 00000000 00:00 0 
7fb04c000000-7fb04c021000 rw-p 00000000 00:00 0 
7fb04c021000-7fb050000000 ---p 00000000 00:00 0 
7fb050000000-7fb0518a4000 rw-p 00000000 00:00 0 
7fb0518a4000-7fb054000000 ---p 00000000 00:00 0 
7fb054000000-7fb057fff000 rw-p 00000000 00:00 0 
7fb057fff000-7fb058000000 ---p 00000000 00:00 0 
7fb058000000-7fb059a9f000 rw-p 00000000 00:00 0 
7fb059a9f000-7fb05c000000 ---p 00000000 00:00 0 
7fb05c000000-7fb05c021000 rw-p 00000000 00:00 0 
7fb05c021000-7fb060000000 ---p 00000000 00:00 0 
7fb0619a9000-7fb0619e9000 rw-p 00000000 00:00 0 
7fb0619e9000-7fb061ba9000 ---p 00000000 00:00 0 
7fb061ba9000-7fb061da9000 rw-p 00000000 00:00 0 
7fb061da9000-7fb061fa9000 rw-p 00000000 00:00 0 
7fb061fa9000-7fb0621a9000 rw-p 00000000 00:00 0 
7fb0621a9000-7fb0623a9000 rw-p 00000000 00:00 0 
7fb0623a9000-7fb0623ac000 ---p 00000000 00:00 0 
7fb0623ac000-7fb0625aa000 rw-p 00000000 00:00 0 
7fb0625aa000-7fb0625ad000 ---p 00000000 00:00 0 
7fb0625ad000-7fb0627ab000 rw-p 00000000 00:00 0 
7fb0627ab000-7fb0627ae000 ---p 00000000 00:00 0 
7fb0627ae000-7fb0629ac000 rw-p 00000000 00:00 0 
7fb0629ac000-7fb0629af000 ---p 00000000 00:00 0 
7fb0629af000-7fb062dad000 rw-p 00000000 00:00 0 
7fb062dad000-7fb062fad000 rw-p 00000000 00:00 0 
7fb062fad000-7fb062fb0000 ---p 00000000 00:00 0 
7fb062fb0000-7fb0630ae000 rw-p 00000000 00:00 0 
7fb0630ae000-7fb0630b1000 ---p 00000000 00:00 0 
7fb0630b1000-7fb0631af000 rw-p 00000000 00:00 0 
7fb0631af000-7fb0631b2000 ---p 00000000 00:00 0 
7fb0631b2000-7fb0632b0000 rw-p 00000000 00:00 0 
7fb0632b0000-7fb0632b3000 ---p 00000000 00:00 0 
7fb0632b3000-7fb0633b1000 rw-p 00000000 00:00 0 
7fb0633b1000-7fb0633b4000 ---p 00000000 00:00 0 
7fb0633b4000-7fb0636b2000 rw-p 00000000 00:00 0 
7fb0636b2000-7fb0638b2000 rw-p 00000000 00:00 0 
7fb0638b2000-7fb0638b5000 ---p 00000000 00:00 0 
7fb0638b5000-7fb063bb3000 rw-p 00000000 00:00 0 
7fb063bb3000-7fb063db3000 rw-p 00000000 00:00 0 
7fb063db3000-7fb063de9000 r-xp 00000000 08:03 2899793                    /opt/android-studio/jre/jre/lib/amd64/libsunec.so
7fb063de9000-7fb063fe8000 ---p 00036000 08:03 2899793                    /opt/android-studio/jre/jre/lib/amd64/libsunec.so
7fb063fe8000-7fb063fed000 r--p 00035000 08:03 2899793                    /opt/android-studio/jre/jre/lib/amd64/libsunec.so
7fb063fed000-7fb063fef000 rw-p 0003a000 08:03 2899793                    /opt/android-studio/jre/jre/lib/amd64/libsunec.so
7fb063fef000-7fb064000000 rw-p 00000000 00:00 0 
7fb064000000-7fb064021000 rw-p 00000000 00:00 0 
7fb064021000-7fb068000000 ---p 00000000 00:00 0 
7fb068000000-7fb068021000 rw-p 00000000 00:00 0 
7fb068021000-7fb06c000000 ---p 00000000 00:00 0 
7fb06c000000-7fb06c021000 rw-p 00000000 00:00 0 
7fb06c021000-7fb070000000 ---p 00000000 00:00 0 
7fb070000000-7fb070021000 rw-p 00000000 00:00 0 
7fb070021000-7fb074000000 ---p 00000000 00:00 0 
7fb074000000-7fb074021000 rw-p 00000000 00:00 0 
7fb074021000-7fb078000000 ---p 00000000 00:00 0 
7fb078000000-7fb07bfff000 rw-p 00000000 00:00 0 
7fb07bfff000-7fb07c000000 ---p 00000000 00:00 0 
7fb07c000000-7fb07fff9000 rw-p 00000000 00:00 0 
7fb07fff9000-7fb080000000 ---p 00000000 00:00 0 
7fb080000000-7fb080021000 rw-p 00000000 00:00 0 
7fb080021000-7fb084000000 ---p 00000000 00:00 0 
7fb084000000-7fb084065000 rw-p 00000000 00:00 0 
7fb084065000-7fb088000000 ---p 00000000 00:00 0 
7fb088000000-7fb08802a000 rw-p 00000000 00:00 0 
7fb08802a000-7fb08c000000 ---p 00000000 00:00 0 
7fb08c000000-7fb08c021000 rw-p 00000000 00:00 0 
7fb08c021000-7fb090000000 ---p 00000000 00:00 0 
7fb090000000-7fb090021000 rw-p 00000000 00:00 0 
7fb090021000-7fb094000000 ---p 00000000 00:00 0 
7fb094000000-7fb096027000 rw-p 00000000 00:00 0 
7fb096027000-7fb098000000 ---p 00000000 00:00 0 
7fb098000000-7fb099391000 rw-p 00000000 00:00 0 
7fb099391000-7fb09c000000 ---p 00000000 00:00 0 
7fb09c000000-7fb09c021000 rw-p 00000000 00:00 0 
7fb09c021000-7fb0a0000000 ---p 00000000 00:00 0 
7fb0a0000000-7fb0a1e94000 rw-p 00000000 00:00 0 
7fb0a1e94000-7fb0a4000000 ---p 00000000 00:00 0 
7fb0a4000000-7fb0a4021000 rw-p 00000000 00:00 0 
7fb0a4021000-7fb0a8000000 ---p 00000000 00:00 0 
7fb0a8000000-7fb0a8021000 rw-p 00000000 00:00 0 
7fb0a8021000-7fb0ac000000 ---p 00000000 00:00 0 
7fb0ac000000-7fb0ac021000 rw-p 00000000 00:00 0 
7fb0ac021000-7fb0b0000000 ---p 00000000 00:00 0 
7fb0b0000000-7fb0b027e000 rw-p 00000000 00:00 0 
7fb0b027e000-7fb0b4000000 ---p 00000000 00:00 0 
7fb0b4000000-7fb0b4027000 rw-p 00000000 00:00 0 
7fb0b4027000-7fb0b8000000 ---p 00000000 00:00 0 
7fb0b80b5000-7fb0b810c000 r--s 00540000 08:03 684718                     /root/StudioProjects/SNAP_AT/app/build/intermediates/transforms/preJackRuntimeLibraries/debug/jars/8000/40/android-93e3d687a14b588e9f9cb188d33652fef886fd4c.jar
7fb0b810c000-7fb0b8117000 r--s 0006e000 08:03 684719                     /root/StudioProjects/SNAP_AT/app/build/intermediates/transforms/preJackRuntimeLibraries/debug/jars/8000/40/org.apache.http.legacy-d1116d097427e44a59b97dbde2bb2e11b1ced886.jar
7fb0b8117000-7fb0b8125000 r--s 000bb000 08:03 694392                     /root/StudioProjects/SNAP_AT/app/build/intermediates/transforms/preJackPackagedLibraries/debug/jars/8000/1f/classes-b21ffabae20f1b6ed3431263beb95e45686d6111.jar
7fb0b8125000-7fb0b8126000 r--s 00026000 08:03 684706                     /root/StudioProjects/SNAP_AT/app/build/intermediates/transforms/preJackPackagedLibraries/debug/jars/8000/1f/classes-df4dcaca2dee4447c6cf24c69d38e1249fca1ff0.jar
7fb0b8126000-7fb0b8134000 r--s 00352000 08:03 699373                     /root/StudioProjects/SNAP_AT/app/build/intermediates/transforms/preJackPackagedLibraries/debug/jars/8000/1f/ojdbc7-19f9a690c4cddf31ed0aad622e693e735d93bf5b.jar
7fb0b8134000-7fb0b8138000 r--s 0004c000 08:03 684709                     /root/StudioProjects/SNAP_AT/app/build/intermediates/transforms/preJackPackagedLibraries/debug/jars/8000/1f/classes-d4bca5b71b2bb54cda729a1a9629b96783aefd70.jar
7fb0b8138000-7fb0b8141000 r--s 000d6000 08:03 684708                     /root/StudioProjects/SNAP_AT/app/build/intermediates/transforms/preJackPackagedLibraries/debug/jars/8000/1f/classes-14242db5f15a69df686c34c786656f5608f6821d.jar
7fb0b8141000-7fb0b815d000 r--s 00191000 08:03 694349                     /root/StudioProjects/SNAP_AT/app/build/intermediates/transforms/preJackPackagedLibraries/debug/jars/8000/1f/classes-5d4650325a8f4721f31f708c2f6faaeec86970cf.jar
7fb0b815d000-7fb0b815f000 r--s 00012000 08:03 684712                     /root/StudioProjects/SNAP_AT/app/build/intermediates/transforms/preJackPackagedLibraries/debug/jars/8000/1f/classes-8aa9692e093fa286b6dc4a7d55d628c618f130ed.jar
7fb0b815f000-7fb0b8160000 r--s 00001000 08:03 684711                     /root/StudioProjects/SNAP_AT/app/build/intermediates/transforms/preJackPackagedLibraries/debug/jars/8000/1f/classes-af85e0f5e8a48a0201e1f501b0313926f0fa7d7b.jar
7fb0b8160000-7fb0b818a000 r--s 00209000 08:03 684716                     /root/StudioProjects/SNAP_AT/app/build/intermediates/transforms/preJackPackagedLibraries/debug/jars/8000/1f/classes-6cf36e8bd81d715865b9c0f4154fdfc78a1ef18c.jar
7fb0b818a000-7fb0b818b000 r--s 00000000 08:03 694394                     /root/StudioProjects/SNAP_AT/app/build/intermediates/transforms/preJackPackagedLibraries/debug/jars/8000/1f/classes-a9895d85b4e548eb6707d7c183518ee632d0581a.jar
7fb0b818b000-7fb0b819a000 r--s 000db000 08:03 684717                     /root/StudioProjects/SNAP_AT/app/build/intermediates/transforms/preJackPackagedLibraries/debug/jars/8000/1f/classes-b553eebfc9bd766ea5859db121d9fd479d482dba.jar
7fb0b819a000-7fb0b819d000 r--s 00066000 08:03 684705                     /root/StudioProjects/SNAP_AT/app/build/intermediates/transforms/preJackPackagedLibraries/debug/jars/8000/1f/constraint-layout-solver-1.0.2-acc73e4ee5a95a149a64c98ae3a02c1a889b532c.jar
7fb0b819d000-7fb0b81a2000 r--s 00090000 08:03 684714                     /root/StudioProjects/SNAP_AT/app/build/intermediates/transforms/preJackPackagedLibraries/debug/jars/8000/1f/classes-5637c99da19956de3968f13b75d0734f79844477.jar
7fb0b81a2000-7fb0b81a6000 r--s 0000c000 08:03 684710                     /root/StudioProjects/SNAP_AT/app/build/intermediates/transforms/preJackPackagedLibraries/debug/jars/8000/1f/support-annotations-25.3.1-1fadc471903c80a4d171ab39179d210e4d54d262.jar
7fb0b81a6000-7fb0b81ba000 r--s 0020b000 08:03 684713                     /root/StudioProjects/SNAP_AT/app/build/intermediates/transforms/preJackPackagedLibraries/debug/jars/8000/1f/classes-1190b003f4864218bcf1935dcd23d660eeb0db41.jar
7fb0b81ba000-7fb0b81c1000 r--s 0007b000 08:03 694395                     /root/StudioProjects/SNAP_AT/app/build/intermediates/transforms/preJackPackagedLibraries/debug/jars/8000/1f/classes-a4be7aff52c57b883058fffa76e7880e834b5b91.jar
7fb0b81c1000-7fb0b81cb000 r--s 00133000 08:03 686733                     /root/StudioProjects/SNAP_AT/app/build/intermediates/transforms/preJackPackagedLibraries/debug/jars/8000/1f/classes-9999d47cba85a87e0429ad5365f5f721b4529c2f.jar
7fb0b81cb000-7fb0b81cd000 r--s 00013000 08:03 694355                     /root/StudioProjects/SNAP_AT/app/build/intermediates/transforms/preJackPackagedLibraries/debug/jars/8000/1f/classes-50c99123e56a184754d9c995309169db758f7137.jar
7fb0b81cd000-7fb0b81ce000 r--s 00002000 08:03 694391                     /root/StudioProjects/SNAP_AT/app/build/intermediates/transforms/preJackPackagedLibraries/debug/jars/8000/1f/classes-b35b02b513b286cdc122141c7bb16910a585dd17.jar
7fb0b81ce000-7fb0b81d0000 r--s 00023000 08:03 684707                     /root/StudioProjects/SNAP_AT/app/build/intermediates/transforms/preJackPackagedLibraries/debug/jars/8000/1f/classes-f9b3fd39fe0c2a2174374c76a5a5a33b0df4bd75.jar
7fb0b81d0000-7fb0b81d3000 r--s 0000f000 08:03 694351                     /root/StudioProjects/SNAP_AT/app/build/intermediates/transforms/preJackPackagedLibraries/debug/jars/8000/1f/classes-7a8293882008ae8cd642ffd435d507ab024ff6b7.jar
7fb0b81d3000-7fb0b81d4000 r--s 0000c000 08:03 684715                     /root/StudioProjects/SNAP_AT/app/build/intermediates/transforms/preJackPackagedLibraries/debug/jars/8000/1f/classes-1add0d248af766d783c0e0e59bdc2c5b0e6c0701.jar
7fb0b81d4000-7fb0b81d9000 r--s 0003b000 08:03 3028268                    /opt/android-studio/jre/jre/lib/ext/sunjce_provider.jar
7fb0b81d9000-7fb0b81da000 r--s 00008000 08:03 3028264                    /opt/android-studio/jre/jre/lib/ext/sunec.jar
7fb0b81da000-7fb0b81de000 r--s 00037000 08:03 3028266                    /opt/android-studio/jre/jre/lib/ext/sunpkcs11.jar
7fb0b81de000-7fb0b81e1000 r--s 00015000 08:03 2899719                    /opt/android-studio/jre/jre/lib/jce.jar
7fb0b81e1000-7fb0b82ae000 r--s 00aca000 08:03 2961973                    /opt/android-sdk/build-tools/25.0.2/jack.jar
7fb0b82ae000-7fb0b84ae000 rw-p 00000000 00:00 0 
7fb0b84ae000-7fb0b84b1000 ---p 00000000 00:00 0 
7fb0b84b1000-7fb0b87af000 rw-p 00000000 00:00 0 
7fb0b87af000-7fb0b89af000 rw-p 00000000 00:00 0 
7fb0b89af000-7fb0b8baf000 rw-p 00000000 00:00 0 
7fb0b8baf000-7fb0b8daf000 rw-p 00000000 00:00 0 
7fb0b8daf000-7fb0b8dc2000 r--s 00344000 08:03 2899741                    /opt/android-studio/jre/jre/lib/resources.jar
7fb0b8dc2000-7fb0b8fc2000 rw-p 00000000 00:00 0 
7fb0b8fc2000-7fb0b91c2000 rw-p 00000000 00:00 0 
7fb0b91c2000-7fb0b93c2000 rw-p 00000000 00:00 0 
7fb0b93c2000-7fb0b95c2000 rw-p 00000000 00:00 0 
7fb0b95c2000-7fb0b95c3000 r--s 00001000 08:03 678975                     /root/.gradle/caches/jars-2/cmhx5eetujk7j30d3nllwxyrlnugzjw/annotations-25.3.3.jar
7fb0b95c3000-7fb0b95cb000 r--s 000a8000 08:03 678974                     /root/.gradle/caches/jars-2/lp0h431tl0554nh1vx6zomcvteflkp/lombok-ast-0.2.3.jar
7fb0b95cb000-7fb0b95df000 r--s 000b4000 08:03 678973                     /root/.gradle/caches/jars-2/hgvw6szzawm3evod5l2d6iutfug31w0/uast-162.2228.14.jar
7fb0b95df000-7fb0b95e1000 r--s 0000d000 08:03 678972                     /root/.gradle/caches/jars-2/7pwz1bowgakb1eux9ezb56jlturgsyi/commons-codec-1.4.jar
7fb0b95e1000-7fb0b95e3000 r--s 0000d000 08:03 678971                     /root/.gradle/caches/jars-2/9dj1m0eyooi5qt13735vz8fpkl3cnfy/commons-logging-1.1.1.jar
7fb0b95e3000-7fb0b95e8000 r--s 00028000 08:03 678970                     /root/.gradle/caches/jars-2/62lv0fe9b3xbqe57f6ljy5upwi7mf6k/httpcore-4.1.jar
7fb0b95e8000-7fb0b95ec000 r--s 0002f000 08:03 678969                     /root/.gradle/caches/jars-2/gsg5n52frsvw6sx0swqqe2hwijwdcf0/jimfs-1.1.jar
7fb0b95ec000-7fb0b95ed000 r--s 00004000 08:03 678968                     /root/.gradle/caches/jars-2/lxs252id0979odjrerlctkb26c2vj95/annotations-12.0.jar
7fb0b95ed000-7fb0b95ee000 r--s 00004000 08:03 678967                     /root/.gradle/caches/jars-2/9kn99dr0rulyl67sct1ephwcop56l61/asm-analysis-5.0.4.jar
7fb0b95ee000-7fb0b95f2000 r--s 00040000 08:03 678966                     /root/.gradle/caches/jars-2/ccvn7yglm4blceovs70fngoac1eyn4f/lint-api-25.3.3.jar
7fb0b95f2000-7fb0b95f3000 r--s 0000a000 08:03 678965                     /root/.gradle/caches/jars-2/nwyg9io65lv6jvmwit2wq82xnnxd7ia/kxml2-2.3.0.jar
7fb0b95f3000-7fb0b95f5000 r--s 00005000 08:03 678964                     /root/.gradle/caches/jars-2/i6hc1uuj8e9ck59slmzdyz78ydn8sr6/httpmime-4.1.jar
7fb0b95f5000-7fb0b95fd000 r--s 0004e000 08:03 678963                     /root/.gradle/caches/jars-2/7503wa5irssz0xxahv1xb82p2dl7rr2/httpclient-4.1.1.jar
7fb0b95fd000-7fb0b9604000 r--s 00053000 08:03 678962                     /root/.gradle/caches/jars-2/jgkfvs4eqggj7qsyw1f5d3up57hanj1/commons-compress-1.8.1.jar
7fb0b9604000-7fb0b9609000 r--s 0002a000 08:03 678961                     /root/.gradle/caches/jars-2/je8f027qcr1z1egw08byp1ybxbp9kko/gson-2.2.4.jar
7fb0b9609000-7fb0b960e000 r--s 0002e000 08:03 678960                     /root/.gradle/caches/jars-2/s427p2wh0tfza0xa8qijgx107eeevyl/repository-25.3.3.jar
7fb0b960e000-7fb0b9610000 r--s 00006000 08:03 678959                     /root/.gradle/caches/jars-2/e2s952s6co8tps89l80r4riixwqo2oe/dvlib-25.3.3.jar
7fb0b9610000-7fb0b9612000 r--s 00013000 08:03 678958                     /root/.gradle/caches/jars-2/s02k517nvrh8cbp2c8dz4slqska6dj9/layoutlib-api-25.3.3.jar
7fb0b9612000-7fb0b9617000 r--s 00058000 08:03 678957                     /root/.gradle/caches/jars-2/st159835qgxm0l87oqrnhayxos4lc1n/asm-debug-all-5.0.1.jar
7fb0b9617000-7fb0b9627000 r--s 000d5000 08:03 678956                     /root/.gradle/caches/jars-2/qzf32gp9kej4w4hlbabft6tplu74cj3/proguard-base-5.3.2.jar
7fb0b9627000-7fb0b962a000 r--s 00033000 08:03 678955                     /root/.gradle/caches/jars-2/nz9sndmr8b4xbj4xulkaciy5kdbyfiz/juniversalchardet-1.0.3.jar
7fb0b962a000-7fb0b962e000 r--s 0002a000 08:03 678954                     /root/.gradle/caches/jars-2/krbpn9xjn1qymukyx8cc5l799ty1v3h/commons-io-2.4.jar
7fb0b962e000-7fb0b9645000 r--s 00154000 08:03 678953                     /root/.gradle/caches/jars-2/sfeivjswzitn6n0fnjx3ueszz8gv8o1/antlr4-4.5.3.jar
7fb0b9645000-7fb0b9647000 r--s 00002000 08:03 678952                     /root/.gradle/caches/jars-2/rh2ip1x2zziz26tr3qzudtz088pqsb2/baseLibrary-2.3.3.jar
7fb0b9647000-7fb0b9672000 r--s 001fc000 08:03 678951                     /root/.gradle/caches/jars-2/nxjrjftly2xksl8o0wqgivu5netfu2x/guava-18.0.jar
7fb0b9672000-7fb0b9685000 r--s 00241000 08:03 678950                     /root/.gradle/caches/jars-2/9yuekvg4qerfitq3xec0iyckuw3hwaq/ecj-4.6.1.jar
7fb0b9685000-7fb0b968c000 r--s 000d9000 08:03 678949                     /root/.gradle/caches/jars-2/ak89aa8liqmr44u7r08njntn6oehe0z/lint-checks-25.3.3.jar
7fb0b968c000-7fb0b968e000 r--s 00006000 08:03 678948                     /root/.gradle/caches/jars-2/6phgj9ki3jl3p5epzkqoo8pr6kur40b/asm-tree-5.0.4.jar
7fb0b968e000-7fb0b96c1000 r--s 00203000 08:03 678947                     /root/.gradle/caches/jars-2/hj0bfvxu9cq7hkwmecvp0kg137or3hh/bcprov-jdk15on-1.48.jar
7fb0b96c1000-7fb0b96cf000 r--s 00081000 08:03 678946                     /root/.gradle/caches/jars-2/4r7xli0tz94y0wfjrdyjxlxar3g1pb9/bcpkix-jdk15on-1.48.jar
7fb0b96cf000-7fb0b96d1000 r--s 00002000 08:03 678945                     /root/.gradle/caches/jars-2/f32bh5uivuf69ecz2j8hl96ksnqdh7v/javawriter-2.5.0.jar
7fb0b96d1000-7fb0b96d3000 r--s 00004000 08:03 678944                     /root/.gradle/caches/jars-2/j6s1upogkwo00sygdsekzj4fx0i75uy/tracker-25.3.3.jar
7fb0b96d3000-7fb0b96d4000 r--s 00005000 08:03 678943                     /root/.gradle/caches/jars-2/4svya0t1s9wyo35ycd3atidsaoo6w7e/shared-25.3.3.jar
7fb0b96d4000-7fb0b96e2000 r--s 00147000 08:03 678942                     /root/.gradle/caches/jars-2/qx6695c5ocd9swxv7wqtxor3plyb4b7/protos-25.3.3.jar
7fb0b96e2000-7fb0b96e3000 r--s 00001000 08:03 678941                     /root/.gradle/caches/jars-2/bqo69msswbvaagsh45hf1tq02v21sml/jill-api-0.10.0.jar
7fb0b96e3000-7fb0b96e5000 r--s 00003000 08:03 678940                     /root/.gradle/caches/jars-2/7pldadygbci34ql8thws797g29k1uhh/jack-api-0.13.0.jar
7fb0b96e5000-7fb0b96eb000 r--s 0004a000 08:03 678939                     /root/.gradle/caches/jars-2/euoqfzf5y1sibp9ul8mcz0wovj380eo/ddmlib-25.3.3.jar
7fb0b96eb000-7fb0b96ee000 r--s 00022000 08:03 678938                     /root/.gradle/caches/jars-2/a81bg2yxzmumashablwecaj0ksz6tmj/manifest-merger-25.3.3.jar
7fb0b96ee000-7fb0b96f1000 r--s 0001c000 08:03 678937                     /root/.gradle/caches/jars-2/l6cnyee1vojrkkbpp6qwgpf30shmrja/common-25.3.3.jar
7fb0b96f1000-7fb0b96fa000 r--s 00089000 08:03 678936                     /root/.gradle/caches/jars-2/m0t6h8af70sdgxvkj522jy01i14mnb8/sdk-common-25.3.3.jar
7fb0b96fa000-7fb0b9704000 r--s 00098000 08:03 678935                     /root/.gradle/caches/jars-2/28c9ykhc782k8jmlrnbnccai34hziki/sdklib-25.3.3.jar
7fb0b9704000-7fb0b9705000 r--s 00002000 08:03 678934                     /root/.gradle/caches/jars-2/4dod7a1p5hoai4v37pxbcg65bbahvg2/builder-test-api-2.3.3.jar
7fb0b9705000-7fb0b9708000 r--s 00006000 08:03 678933                     /root/.gradle/caches/jars-2/omk02asobup8sgd6qxom3ej5bg94z2r/builder-model-2.3.3.jar
7fb0b9708000-7fb0b9717000 r--s 00130000 08:03 678932                     /root/.gradle/caches/jars-2/cr6zkqpx14lor9zdtmo49qpc7y8r8p4/protobuf-java-3.0.0.jar
7fb0b9717000-7fb0b9719000 r--s 0000f000 08:03 678931                     /root/.gradle/caches/jars-2/rvfyugrlu5tbpz51p98og0qsxamjq4k/jopt-simple-4.9.jar
7fb0b9719000-7fb0b971d000 r--s 0001f000 08:03 678930                     /root/.gradle/caches/jars-2/nq3fzqkrrm37ob61z4iu5qdbh368uat/org.jacoco.report-0.7.5.201505241946.jar
7fb0b971d000-7fb0b9721000 r--s 0001d000 08:03 678929                     /root/.gradle/caches/jars-2/3kxkmcckmk40ron92zhbm0qjo9l4bkl/org.jacoco.core-0.7.5.201505241946.jar
7fb0b9721000-7fb0b9723000 r--s 00002000 08:03 678928                     /root/.gradle/caches/jars-2/m4m0pzb4gmaeh0in5g2xc4bxeuwt828/proguard-gradle-5.3.2.jar
7fb0b9723000-7fb0b9725000 r--s 00009000 08:03 678927                     /root/.gradle/caches/jars-2/ajvcvdu66lc9e3tvvipxtuq48i9bbkc/asm-commons-5.0.4.jar
7fb0b9725000-7fb0b9727000 r--s 0000c000 08:03 678926                     /root/.gradle/caches/jars-2/1laz1ygmxoc408r7nwqs1q8uk8r236d/asm-5.0.4.jar
7fb0b9727000-7fb0b972c000 r--s 0002c000 08:03 678925                     /root/.gradle/caches/jars-2/3mlasgi8oo9o7oa12526198jui9zmp2/compilerCommon-2.3.3.jar
7fb0b972c000-7fb0b972d000 r--s 00002000 08:03 678924                     /root/.gradle/caches/jars-2/73l309uzm0ila7rdaaxteq0ng4ayf2y/gradle-api-2.3.3.jar
7fb0b972d000-7fb0b972e000 r--s 00000000 08:03 678923                     /root/.gradle/caches/jars-2/tlyajppf8woug00g686fx5mchf8iv3o/transform-api-2.0.0-deprecated-use-gradle-api.jar
7fb0b972e000-7fb0b9733000 r--s 0005e000 08:03 678922                     /root/.gradle/caches/jars-2/k2xtosjt0in0zj7mpwvctw6iznt93uh/lint-25.3.3.jar
7fb0b9733000-7fb0b9749000 r--s 00163000 08:03 678921                     /root/.gradle/caches/jars-2/nyg71b5n2lzymmwh5vbtmvjiby07k4g/builder-2.3.3.jar
7fb0b9749000-7fb0b9768000 r--s 001ca000 08:03 678920                     /root/.gradle/caches/jars-2/5fwyvjq1ai8mdh1mluqxidj1wo7rls8/gradle-core-2.3.3.jar
7fb0b9768000-7fb0b976a000 r--s 0000d000 08:03 678919                     /root/.gradle/caches/jars-2/mel54vauze7hczg2p6nebauqz8s53sj/gradle-2.3.3.jar
7fb0b976a000-7fb0b996a000 rw-p 00000000 00:00 0 
7fb0b996a000-7fb0b9b6a000 rw-p 00000000 00:00 0 
7fb0b9b6a000-7fb0b9b6d000 ---p 00000000 00:00 0 
7fb0b9b6d000-7fb0b9c6b000 rw-p 00000000 00:00 0 
7fb0b9c6b000-7fb0b9c6e000 ---p 00000000 00:00 0 
7fb0b9c6e000-7fb0b9ca4000 rw-p 00000000 00:00 0 
7fb0b9ca4000-7fb0b9ca5000 r--p 00000000 00:00 0 
7fb0b9ca5000-7fb0b9ea5000 rw-p 00000000 00:00 0 
7fb0b9ea5000-7fb0ba0a5000 rw-p 00000000 00:00 0 
7fb0ba0a5000-7fb0ba2a5000 rw-p 00000000 00:00 0 
7fb0ba2a5000-7fb0ba4a5000 rw-p 00000000 00:00 0 
7fb0ba4a5000-7fb0ba51e000 r--s 010ed000 08:03 2899668                    /opt/android-studio/jre/lib/tools.jar
7fb0ba51e000-7fb0ba71e000 rw-p 00000000 00:00 0 
7fb0ba71e000-7fb0ba721000 ---p 00000000 00:00 0 
7fb0ba721000-7fb0ba81f000 rw-p 00000000 00:00 0 
7fb0ba81f000-7fb0ba822000 ---p 00000000 00:00 0 
7fb0ba822000-7fb0ba920000 rw-p 00000000 00:00 0 
7fb0ba920000-7fb0ba923000 ---p 00000000 00:00 0 
7fb0ba923000-7fb0baa21000 rw-p 00000000 00:00 0 
7fb0baa21000-7fb0baa24000 ---p 00000000 00:00 0 
7fb0baa24000-7fb0bab22000 rw-p 00000000 00:00 0 
7fb0bab22000-7fb0bab25000 ---p 00000000 00:00 0 
7fb0bab25000-7fb0bac23000 rw-p 00000000 00:00 0 
7fb0bac23000-7fb0bac49000 r--p 00000000 08:03 3457591                    /usr/share/locale/fr/LC_MESSAGES/libc.mo
7fb0bac49000-7fb0bae49000 rw-p 00000000 00:00 0 
7fb0bae49000-7fb0bae4c000 ---p 00000000 00:00 0 
7fb0bae4c000-7fb0baf4a000 rw-p 00000000 00:00 0 
7fb0baf4a000-7fb0baf4d000 ---p 00000000 00:00 0 
7fb0baf4d000-7fb0bb24b000 rw-p 00000000 00:00 0 
7fb0bb24b000-7fb0bb24e000 ---p 00000000 00:00 0 
7fb0bb24e000-7fb0bb34c000 rw-p 00000000 00:00 0 
7fb0bb34c000-7fb0bb355000 r-xp 00000000 08:03 2899775                    /opt/android-studio/jre/jre/lib/amd64/libmanagement.so
7fb0bb355000-7fb0bb554000 ---p 00009000 08:03 2899775                    /opt/android-studio/jre/jre/lib/amd64/libmanagement.so
7fb0bb554000-7fb0bb555000 r--p 00008000 08:03 2899775                    /opt/android-studio/jre/jre/lib/amd64/libmanagement.so
7fb0bb555000-7fb0bb556000 rw-p 00009000 08:03 2899775                    /opt/android-studio/jre/jre/lib/amd64/libmanagement.so
7fb0bb556000-7fb0bb55b000 r--s 00098000 08:03 2899726                    /opt/android-studio/jre/jre/lib/jsse.jar
7fb0bb55b000-7fb0bb55d000 r--s 00007000 08:03 668645                     /root/.gradle/wrapper/dists/gradle-3.3-all/55gk2rcmfc6p2dg9u9ohc3hw9/gradle-3.3/lib/plugins/gradle-tooling-api-builders-3.3.jar
7fb0bb55d000-7fb0bb560000 r--s 00009000 08:03 668638                     /root/.gradle/wrapper/dists/gradle-3.3-all/55gk2rcmfc6p2dg9u9ohc3hw9/gradle-3.3/lib/plugins/gradle-testing-native-3.3.jar
7fb0bb560000-7fb0bb566000 r--s 00033000 08:03 668713                     /root/.gradle/wrapper/dists/gradle-3.3-all/55gk2rcmfc6p2dg9u9ohc3hw9/gradle-3.3/lib/plugins/snakeyaml-1.6.jar
7fb0bb566000-7fb0bb568000 r--s 00006000 08:03 668712                     /root/.gradle/wrapper/dists/gradle-3.3-all/55gk2rcmfc6p2dg9u9ohc3hw9/gradle-3.3/lib/plugins/jcommander-1.12.jar
7fb0bb568000-7fb0bb56d000 r--s 00040000 08:03 668711                     /root/.gradle/wrapper/dists/gradle-3.3-all/55gk2rcmfc6p2dg9u9ohc3hw9/gradle-3.3/lib/plugins/bsh-2.0b4.jar
7fb0bb56d000-7fb0bb56f000 r--s 00009000 08:03 668719                     /root/.gradle/wrapper/dists/gradle-3.3-all/55gk2rcmfc6p2dg9u9ohc3hw9/gradle-3.3/lib/plugins/hamcrest-core-1.3.jar
7fb0bb56f000-7fb0bb578000 r--s 00089000 08:03 668670                     /root/.gradle/wrapper/dists/gradle-3.3-all/55gk2rcmfc6p2dg9u9ohc3hw9/gradle-3.3/lib/plugins/testng-6.3.1.jar
7fb0bb578000-7fb0bb580000 r--s 00045000 08:03 668669                     /root/.gradle/wrapper/dists/gradle-3.3-all/55gk2rcmfc6p2dg9u9ohc3hw9/gradle-3.3/lib/plugins/junit-4.12.jar
7fb0bb580000-7fb0bb586000 r--s 0002e000 08:03 668639                     /root/.gradle/wrapper/dists/gradle-3.3-all/55gk2rcmfc6p2dg9u9ohc3hw9/gradle-3.3/lib/plugins/gradle-testing-jvm-3.3.jar
7fb0bb586000-7fb0bb58a000 r--s 00016000 08:03 668637                     /root/.gradle/wrapper/dists/gradle-3.3-all/55gk2rcmfc6p2dg9u9ohc3hw9/gradle-3.3/lib/plugins/gradle-testing-base-3.3.jar
7fb0bb58a000-7fb0bb591000 r--s 00038000 08:03 668664                     /root/.gradle/wrapper/dists/gradle-3.3-all/55gk2rcmfc6p2dg9u9ohc3hw9/gradle-3.3/lib/plugins/bcpg-jdk15on-1.51.jar
7fb0bb591000-7fb0bb593000 r--s 0000c000 08:03 668616                     /root/.gradle/wrapper/dists/gradle-3.3-all/55gk2rcmfc6p2dg9u9ohc3hw9/gradle-3.3/lib/plugins/gradle-signing-3.3.jar
7fb0bb593000-7fb0bb595000 r--s 00007000 08:03 668615                     /root/.gradle/wrapper/dists/gradle-3.3-all/55gk2rcmfc6p2dg9u9ohc3hw9/gradle-3.3/lib/plugins/gradle-scala-3.3.jar
7fb0bb595000-7fb0bb5a5000 r--s 00088000 08:03 668680                     /root/.gradle/wrapper/dists/gradle-3.3-all/55gk2rcmfc6p2dg9u9ohc3hw9/gradle-3.3/lib/plugins/joda-time-2.8.2.jar
7fb0bb5a5000-7fb0bb5b6000 r--s 0010d000 08:03 668679                     /root/.gradle/wrapper/dists/gradle-3.3-all/55gk2rcmfc6p2dg9u9ohc3hw9/gradle-3.3/lib/plugins/jackson-databind-2.6.6.jar
7fb0bb5b6000-7fb0bb5b9000 r--s 00009000 08:03 668678                     /root/.gradle/wrapper/dists/gradle-3.3-all/55gk2rcmfc6p2dg9u9ohc3hw9/gradle-3.3/lib/plugins/jackson-annotations-2.6.6.jar
7fb0bb5b9000-7fb0bb5bd000 r--s 0003c000 08:03 668677                     /root/.gradle/wrapper/dists/gradle-3.3-all/55gk2rcmfc6p2dg9u9ohc3hw9/gradle-3.3/lib/plugins/jackson-core-2.6.6.jar
7fb0bb5bd000-7fb0bb5cb000 r--s 00087000 08:03 668676                     /root/.gradle/wrapper/dists/gradle-3.3-all/55gk2rcmfc6p2dg9u9ohc3hw9/gradle-3.3/lib/plugins/aws-java-sdk-core-1.11.6.jar
7fb0bb5cb000-7fb0bb5d2000 r--s 00057000 08:03 668675                     /root/.gradle/wrapper/dists/gradle-3.3-all/55gk2rcmfc6p2dg9u9ohc3hw9/gradle-3.3/lib/plugins/aws-java-sdk-kms-1.11.6.jar
7fb0bb5d2000-7fb0bb5df000 r--s 0008e000 08:03 668674                     /root/.gradle/wrapper/dists/gradle-3.3-all/55gk2rcmfc6p2dg9u9ohc3hw9/gradle-3.3/lib/plugins/aws-java-sdk-s3-1.11.6.jar
7fb0bb5df000-7fb0bb5e1000 r--s 00004000 08:03 668644                     /root/.gradle/wrapper/dists/gradle-3.3-all/55gk2rcmfc6p2dg9u9ohc3hw9/gradle-3.3/lib/plugins/gradle-resources-s3-3.3.jar
7fb0bb5e1000-7fb0bb5e3000 r--s 00005000 08:03 668668                     /root/.gradle/wrapper/dists/gradle-3.3-all/55gk2rcmfc6p2dg9u9ohc3hw9/gradle-3.3/lib/plugins/jatl-0.2.2.jar
7fb0bb5e3000-7fb0bb5e5000 r--s 0000f000 08:03 668621                     /root/.gradle/wrapper/dists/gradle-3.3-all/55gk2rcmfc6p2dg9u9ohc3hw9/gradle-3.3/lib/plugins/gradle-reporting-3.3.jar
7fb0bb5e5000-7fb0bb5e7000 r--s 00002000 08:03 668622                     /root/.gradle/wrapper/dists/gradle-3.3-all/55gk2rcmfc6p2dg9u9ohc3hw9/gradle-3.3/lib/plugins/gradle-publish-3.3.jar
7fb0bb5e7000-7fb0bb5e9000 r--s 00009000 08:03 668651                     /root/.gradle/wrapper/dists/gradle-3.3-all/55gk2rcmfc6p2dg9u9ohc3hw9/gradle-3.3/lib/plugins/commons-cli-1.2.jar
7fb0bb5e9000-7fb0bb5ef000 r--s 00031000 08:03 668607                     /root/.gradle/wrapper/dists/gradle-3.3-all/55gk2rcmfc6p2dg9u9ohc3hw9/gradle-3.3/lib/plugins/gradle-plugins-3.3.jar
7fb0bb5ef000-7fb0bb5f1000 r--s 00009000 08:03 668640                     /root/.gradle/wrapper/dists/gradle-3.3-all/55gk2rcmfc6p2dg9u9ohc3hw9/gradle-3.3/lib/plugins/gradle-plugin-development-3.3.jar
7fb0bb5f1000-7fb0bb5f7000 r--s 0002b000 08:03 668633                     /root/.gradle/wrapper/dists/gradle-3.3-all/55gk2rcmfc6p2dg9u9ohc3hw9/gradle-3.3/lib/plugins/gradle-platform-play-3.3.jar
7fb0bb5f7000-7fb0bb605000 r--s 00055000 08:03 668632                     /root/.gradle/wrapper/dists/gradle-3.3-all/55gk2rcmfc6p2dg9u9ohc3hw9/gradle-3.3/lib/plugins/gradle-platform-native-3.3.jar
7fb0bb605000-7fb0bb60a000 r--s 0001f000 08:03 668627                     /root/.gradle/wrapper/dists/gradle-3.3-all/55gk2rcmfc6p2dg9u9ohc3hw9/gradle-3.3/lib/plugins/gradle-platform-jvm-3.3.jar
7fb0bb60a000-7fb0bb612000 r--s 00027000 08:03 668626                     /root/.gradle/wrapper/dists/gradle-3.3-all/55gk2rcmfc6p2dg9u9ohc3hw9/gradle-3.3/lib/plugins/gradle-platform-base-3.3.jar
7fb0bb612000-7fb0bb63a000 r--s 0021c000 08:03 668659                     /root/.gradle/wrapper/dists/gradle-3.3-all/55gk2rcmfc6p2dg9u9ohc3hw9/gradle-3.3/lib/plugins/biz.aQute.bndlib-3.2.0.jar
7fb0bb63a000-7fb0bb63c000 r--s 00003000 08:03 668611                     /root/.gradle/wrapper/dists/gradle-3.3-all/55gk2rcmfc6p2dg9u9ohc3hw9/gradle-3.3/lib/plugins/gradle-osgi-3.3.jar
7fb0bb63c000-7fb0bb63f000 r--s 0000c000 08:03 668662                     /root/.gradle/wrapper/dists/gradle-3.3-all/55gk2rcmfc6p2dg9u9ohc3hw9/gradle-3.3/lib/plugins/pmaven-groovy-0.8-20100325.jar
7fb0bb63f000-7fb0bb645000 r--s 00023000 08:03 668612                     /root/.gradle/wrapper/dists/gradle-3.3-all/55gk2rcmfc6p2dg9u9ohc3hw9/gradle-3.3/lib/plugins/gradle-maven-3.3.jar
7fb0bb645000-7fb0bb64b000 r--s 0001a000 08:03 668635                     /root/.gradle/wrapper/dists/gradle-3.3-all/55gk2rcmfc6p2dg9u9ohc3hw9/gradle-3.3/lib/plugins/gradle-language-native-3.3.jar
7fb0bb64b000-7fb0bb661000 r-xp 00000000 08:03 3457428                    /usr/lib/libgcc_s.so.1
7fb0bb661000-7fb0bb860000 ---p 00016000 08:03 3457428                    /usr/lib/libgcc_s.so.1
7fb0bb860000-7fb0bb861000 r--p 00015000 08:03 3457428                    /usr/lib/libgcc_s.so.1
7fb0bb861000-7fb0bb862000 rw-p 00016000 08:03 3457428                    /usr/lib/libgcc_s.so.1
7fb0bb862000-7fb0bb9d9000 r-xp 00000000 08:03 3418187                    /usr/lib/libstdc++.so.6.0.24
7fb0bb9d9000-7fb0bbbd9000 ---p 00177000 08:03 3418187                    /usr/lib/libstdc++.so.6.0.24
7fb0bbbd9000-7fb0bbbe5000 r--p 00177000 08:03 3418187                    /usr/lib/libstdc++.so.6.0.24
7fb0bbbe5000-7fb0bbbe6000 rw-p 00183000 08:03 3418187                    /usr/lib/libstdc++.so.6.0.24
7fb0bbbe6000-7fb0bbbe9000 rw-p 00000000 00:00 0 
7fb0bbbe9000-7fb0bbbee000 r-xp 00000000 08:03 678824                     /root/.gradle/native/23/linux-amd64/libnative-platform.so
7fb0bbbee000-7fb0bbded000 ---p 00005000 08:03 678824                     /root/.gradle/native/23/linux-amd64/libnative-platform.so
7fb0bbded000-7fb0bbdee000 rw-p 00004000 08:03 678824                     /root/.gradle/native/23/linux-amd64/libnative-platform.so
7fb0bbdee000-7fb0bbdff000 r-xp 00000000 08:03 2899787                    /opt/android-studio/jre/jre/lib/amd64/libnio.so
7fb0bbdff000-7fb0bbffe000 ---p 00011000 08:03 2899787                    /opt/android-studio/jre/jre/lib/amd64/libnio.so
7fb0bbffe000-7fb0bbfff000 r--p 00010000 08:03 2899787                    /opt/android-studio/jre/jre/lib/amd64/libnio.so
7fb0bbfff000-7fb0bc000000 rw-p 00011000 08:03 2899787                    /opt/android-studio/jre/jre/lib/amd64/libnio.so
7fb0bc000000-7fb0bc045000 rw-p 00000000 00:00 0 
7fb0bc045000-7fb0c0000000 ---p 00000000 00:00 0 
7fb0c0000000-7fb0c0001000 r--s 00004000 08:03 668643                     /root/.gradle/wrapper/dists/gradle-3.3-all/55gk2rcmfc6p2dg9u9ohc3hw9/gradle-3.3/lib/plugins/gradle-resources-sftp-3.3.jar
7fb0c0001000-7fb0c0002000 r--s 00004000 08:03 668661                     /root/.gradle/wrapper/dists/gradle-3.3-all/55gk2rcmfc6p2dg9u9ohc3hw9/gradle-3.3/lib/plugins/pmaven-common-0.8-20100325.jar
7fb0c0002000-7fb0c0005000 r--s 0000b000 08:03 668631                     /root/.gradle/wrapper/dists/gradle-3.3-all/55gk2rcmfc6p2dg9u9ohc3hw9/gradle-3.3/lib/plugins/gradle-language-scala-3.3.jar
7fb0c0005000-7fb0c0008000 r--s 00005000 08:03 668628                     /root/.gradle/wrapper/dists/gradle-3.3-all/55gk2rcmfc6p2dg9u9ohc3hw9/gradle-3.3/lib/plugins/gradle-language-jvm-3.3.jar
7fb0c0008000-7fb0c000e000 r--s 00027000 08:03 668629                     /root/.gradle/wrapper/dists/gradle-3.3-all/55gk2rcmfc6p2dg9u9ohc3hw9/gradle-3.3/lib/plugins/gradle-language-java-3.3.jar
7fb0c000e000-7fb0c0010000 r--s 0000a000 08:03 668630                     /root/.gradle/wrapper/dists/gradle-3.3-all/55gk2rcmfc6p2dg9u9ohc3hw9/gradle-3.3/lib/plugins/gradle-language-groovy-3.3.jar
7fb0c0010000-7fb0c0013000 r--s 0001e000 08:03 668686                     /root/.gradle/wrapper/dists/gradle-3.3-all/55gk2rcmfc6p2dg9u9ohc3hw9/gradle-3.3/lib/plugins/jsp-api-2.1-6.1.14.jar
7fb0c0013000-7fb0c0036000 r--s 00344000 08:03 668685                     /root/.gradle/wrapper/dists/gradle-3.3-all/55gk2rcmfc6p2dg9u9ohc3hw9/gradle-3.3/lib/plugins/core-3.1.1.jar
7fb0c0036000-7fb0c0037000 r--s 00006000 08:03 668684                     /root/.gradle/wrapper/dists/gradle-3.3-all/55gk2rcmfc6p2dg9u9ohc3hw9/gradle-3.3/lib/plugins/jetty-naming-6.1.26.jar
7fb0c0037000-7fb0c0038000 r--s 00002000 08:03 668658                     /root/.gradle/wrapper/dists/gradle-3.3-all/55gk2rcmfc6p2dg9u9ohc3hw9/gradle-3.3/lib/plugins/geronimo-annotation_1.0_spec-1.0.jar
7fb0c0038000-7fb0c003a000 r--s 00002000 08:03 668657                     /root/.gradle/wrapper/dists/gradle-3.3-all/55gk2rcmfc6p2dg9u9ohc3hw9/gradle-3.3/lib/plugins/jetty-annotations-6.1.26.jar
7fb0c003a000-7fb0c004b000 r--s 000ea000 08:03 668656                     /root/.gradle/wrapper/dists/gradle-3.3-all/55gk2rcmfc6p2dg9u9ohc3hw9/gradle-3.3/lib/plugins/jsp-2.1-6.1.14.jar
7fb0c004b000-7fb0c004d000 r--s 0000d000 08:03 668655                     /root/.gradle/wrapper/dists/gradle-3.3-all/55gk2rcmfc6p2dg9u9ohc3hw9/gradle-3.3/lib/plugins/jetty-plus-6.1.26.jar
7fb0c004d000-7fb0c004f000 r--s 0001f000 08:03 668654                     /root/.gradle/wrapper/dists/gradle-3.3-all/55gk2rcmfc6p2dg9u9ohc3hw9/gradle-3.3/lib/plugins/servlet-api-2.5-20081211.jar
7fb0c004f000-7fb0c0053000 r--s 00028000 08:03 668653                     /root/.gradle/wrapper/dists/gradle-3.3-all/55gk2rcmfc6p2dg9u9ohc3hw9/gradle-3.3/lib/plugins/jetty-util-6.1.26.jar
7fb0c0053000-7fb0c005a000 r--s 0007d000 08:03 668652                     /root/.gradle/wrapper/dists/gradle-3.3-all/55gk2rcmfc6p2dg9u9ohc3hw9/gradle-3.3/lib/plugins/jetty-6.1.26.jar
7fb0c005a000-7fb0c005c000 r--s 0000a000 08:03 668609                     /root/.gradle/wrapper/dists/gradle-3.3-all/55gk2rcmfc6p2dg9u9ohc3hw9/gradle-3.3/lib/plugins/gradle-jetty-3.3.jar
7fb0c005c000-7fb0c0063000 r--s 00035000 08:03 668667                     /root/.gradle/wrapper/dists/gradle-3.3-all/55gk2rcmfc6p2dg9u9ohc3hw9/gradle-3.3/lib/plugins/simple-4.1.21.jar
7fb0c0063000-7fb0c006f000 r--s 00100000 08:03 668665                     /root/.gradle/wrapper/dists/gradle-3.3-all/55gk2rcmfc6p2dg9u9ohc3hw9/gradle-3.3/lib/plugins/rhino-1.7R3.jar
7fb0c006f000-7fb0c0073000 r--s 00012000 08:03 668618                     /root/.gradle/wrapper/dists/gradle-3.3-all/55gk2rcmfc6p2dg9u9ohc3hw9/gradle-3.3/lib/plugins/gradle-javascript-3.3.jar
7fb0c0073000-7fb0c0075000 r--s 0000d000 08:03 668624                     /root/.gradle/wrapper/dists/gradle-3.3-all/55gk2rcmfc6p2dg9u9ohc3hw9/gradle-3.3/lib/plugins/gradle-jacoco-3.3.jar
7fb0c0075000-7fb0c0078000 r--s 0000e000 08:03 668623                     /root/.gradle/wrapper/dists/gradle-3.3-all/55gk2rcmfc6p2dg9u9ohc3hw9/gradle-3.3/lib/plugins/gradle-ivy-3.3.jar
7fb0c0078000-7fb0c0079000 r--s 00002000 08:03 668634                     /root/.gradle/wrapper/dists/gradle-3.3-all/55gk2rcmfc6p2dg9u9ohc3hw9/gradle-3.3/lib/plugins/gradle-ide-play-3.3.jar
7fb0c0079000-7fb0c007c000 r--s 00013000 08:03 668636                     /root/.gradle/wrapper/dists/gradle-3.3-all/55gk2rcmfc6p2dg9u9ohc3hw9/gradle-3.3/lib/plugins/gradle-ide-native-3.3.jar
7fb0c007c000-7fb0c0085000 r--s 00055000 08:03 668613                     /root/.gradle/wrapper/dists/gradle-3.3-all/55gk2rcmfc6p2dg9u9ohc3hw9/gradle-3.3/lib/plugins/gradle-ide-3.3.jar
7fb0c0085000-7fb0c0087000 r--s 00007000 08:03 668617                     /root/.gradle/wrapper/dists/gradle-3.3-all/55gk2rcmfc6p2dg9u9ohc3hw9/gradle-3.3/lib/plugins/gradle-ear-3.3.jar
7fb0c0087000-7fb0c008d000 r--s 00039000 08:03 668620                     /root/.gradle/wrapper/dists/gradle-3.3-all/55gk2rcmfc6p2dg9u9ohc3hw9/gradle-3.3/lib/plugins/gradle-diagnostics-3.3.jar
7fb0c008d000-7fb0c008e000 r--s 00009000 08:03 668646                     /root/.gradle/wrapper/dists/gradle-3.3-all/55gk2rcmfc6p2dg9u9ohc3hw9/gradle-3.3/lib/plugins/gradle-composite-builds-3.3.jar
7fb0c008e000-7fb0c0092000 r--s 00023000 08:03 668608                     /root/.gradle/wrapper/dists/gradle-3.3-all/55gk2rcmfc6p2dg9u9ohc3hw9/gradle-3.3/lib/plugins/gradle-code-quality-3.3.jar
7fb0c0092000-7fb0c0096000 r--s 00022000 08:03 668625                     /root/.gradle/wrapper/dists/gradle-3.3-all/55gk2rcmfc6p2dg9u9ohc3hw9/gradle-3.3/lib/plugins/gradle-build-init-3.3.jar
7fb0c0096000-7fb0c009c000 r--s 0008e000 08:03 668619                     /root/.gradle/wrapper/dists/gradle-3.3-all/55gk2rcmfc6p2dg9u9ohc3hw9/gradle-3.3/lib/plugins/gradle-build-comparison-3.3.jar
7fb0c009c000-7fb0c009d000 r--s 00001000 08:03 668647                     /root/.gradle/wrapper/dists/gradle-3.3-all/55gk2rcmfc6p2dg9u9ohc3hw9/gradle-3.3/lib/plugins/gradle-build-cache-http-3.3.jar
7fb0c009d000-7fb0c009f000 r--s 00008000 08:03 668610                     /root/.gradle/wrapper/dists/gradle-3.3-all/55gk2rcmfc6p2dg9u9ohc3hw9/gradle-3.3/lib/plugins/gradle-antlr-3.3.jar
7fb0c009f000-7fb0c00a1000 r--s 00004000 08:03 668614                     /root/.gradle/wrapper/dists/gradle-3.3-all/55gk2rcmfc6p2dg9u9ohc3hw9/gradle-3.3/lib/plugins/gradle-announce-3.3.jar
7fb0c00a1000-7fb0c00b9000 r--s 00115000 08:03 668716                     /root/.gradle/wrapper/dists/gradle-3.3-all/55gk2rcmfc6p2dg9u9ohc3hw9/gradle-3.3/lib/plugins/xercesImpl-2.9.1.jar
7fb0c00b9000-7fb0c00c1000 r--s 00028000 08:03 668717                     /root/.gradle/wrapper/dists/gradle-3.3-all/55gk2rcmfc6p2dg9u9ohc3hw9/gradle-3.3/lib/plugins/xml-apis-1.3.04.jar
7fb0c00c1000-7fb0c00c7000 r--s 0005b000 08:03 668715                     /root/.gradle/wrapper/dists/gradle-3.3-all/55gk2rcmfc6p2dg9u9ohc3hw9/gradle-3.3/lib/plugins/jcifs-1.3.17.jar
7fb0c00c7000-7fb0c00cd000 r--s 00033000 08:03 668663                     /root/.gradle/wrapper/dists/gradle-3.3-all/55gk2rcmfc6p2dg9u9ohc3hw9/gradle-3.3/lib/plugins/commons-codec-1.6.jar
7fb0c00cd000-7fb0c00d4000 r--s 00049000 08:03 668714                     /root/.gradle/wrapper/dists/gradle-3.3-all/55gk2rcmfc6p2dg9u9ohc3hw9/gradle-3.3/lib/plugins/httpcore-4.4.4.jar
7fb0c00d4000-7fb0c00d7000 r--s 0001c000 08:03 668672                     /root/.gradle/wrapper/dists/gradle-3.3-all/55gk2rcmfc6p2dg9u9ohc3hw9/gradle-3.3/lib/plugins/nekohtml-1.9.14.jar
7fb0c00d7000-7fb0c00e4000 r--s 000a4000 08:03 668671                     /root/.gradle/wrapper/dists/gradle-3.3-all/55gk2rcmfc6p2dg9u9ohc3hw9/gradle-3.3/lib/plugins/httpclient-4.4.1.jar
7fb0c00e4000-7fb0c00e7000 r--s 0000a000 08:03 668642                     /root/.gradle/wrapper/dists/gradle-3.3-all/55gk2rcmfc6p2dg9u9ohc3hw9/gradle-3.3/lib/plugins/gradle-resources-http-3.3.jar
7fb0c00e7000-7fb0c00eb000 r--s 00015000 08:03 668641                     /root/.gradle/wrapper/dists/gradle-3.3-all/55gk2rcmfc6p2dg9u9ohc3hw9/gradle-3.3/lib/plugins/gradle-plugin-use-3.3.jar
7fb0c00eb000-7fb0c00ec000 r--s 00000000 08:03 668554                     /root/.gradle/wrapper/dists/gradle-3.3-all/55gk2rcmfc6p2dg9u9ohc3hw9/gradle-3.3/lib/gradle-installation-beacon-3.3.jar
7fb0c00ec000-7fb0c00ee000 r--s 00006000 08:03 668710                     /root/.gradle/wrapper/dists/gradle-3.3-all/55gk2rcmfc6p2dg9u9ohc3hw9/gradle-3.3/lib/plugins/aether-connector-wagon-1.13.1.jar
7fb0c00ee000-7fb0c00f2000 r--s 0001c000 08:03 668709                     /root/.gradle/wrapper/dists/gradle-3.3-all/55gk2rcmfc6p2dg9u9ohc3hw9/gradle-3.3/lib/plugins/aether-util-1.13.1.jar
7fb0c00f2000-7fb0c00f3000 r--s 00003000 08:03 668708                     /root/.gradle/wrapper/dists/gradle-3.3-all/55gk2rcmfc6p2dg9u9ohc3hw9/gradle-3.3/lib/plugins/aether-spi-1.13.1.jar
7fb0c00f3000-7fb0c00f6000 r--s 0001d000 08:03 668707                     /root/.gradle/wrapper/dists/gradle-3.3-all/55gk2rcmfc6p2dg9u9ohc3hw9/gradle-3.3/lib/plugins/aether-impl-1.13.1.jar
7fb0c00f6000-7fb0c00f9000 r--s 00013000 08:03 668706                     /root/.gradle/wrapper/dists/gradle-3.3-all/55gk2rcmfc6p2dg9u9ohc3hw9/gradle-3.3/lib/plugins/aether-api-1.13.1.jar
7fb0c00f9000-7fb0c00fa000 r--s 00007000 08:03 668705                     /root/.gradle/wrapper/dists/gradle-3.3-all/55gk2rcmfc6p2dg9u9ohc3hw9/gradle-3.3/lib/plugins/wagon-http-shared4-2.4.jar
7fb0c00fa000-7fb0c00fc000 r--s 0000b000 08:03 668704                     /root/.gradle/wrapper/dists/gradle-3.3-all/55gk2rcmfc6p2dg9u9ohc3hw9/gradle-3.3/lib/plugins/wagon-provider-api-2.4.jar
7fb0c00fc000-7fb0c00fd000 r--s 00002000 08:03 668703                     /root/.gradle/wrapper/dists/gradle-3.3-all/55gk2rcmfc6p2dg9u9ohc3hw9/gradle-3.3/lib/plugins/wagon-http-2.4.jar
7fb0c00fd000-7fb0c00fe000 r--s 00002000 08:03 668702                     /root/.gradle/wrapper/dists/gradle-3.3-all/55gk2rcmfc6p2dg9u9ohc3hw9/gradle-3.3/lib/plugins/wagon-file-2.4.jar
7fb0c00fe000-7fb0c0100000 r--s 0000c000 08:03 668701                     /root/.gradle/wrapper/dists/gradle-3.3-all/55gk2rcmfc6p2dg9u9ohc3hw9/gradle-3.3/lib/plugins/maven-aether-provider-3.0.4.jar
7fb0c0100000-7fb0c0102000 r--s 0000b000 08:03 668700                     /root/.gradle/wrapper/dists/gradle-3.3-all/55gk2rcmfc6p2dg9u9ohc3hw9/gradle-3.3/lib/plugins/maven-plugin-api-3.0.4.jar
7fb0c0102000-7fb0c0104000 r--s 00006000 08:03 668699                     /root/.gradle/wrapper/dists/gradle-3.3-all/55gk2rcmfc6p2dg9u9ohc3hw9/gradle-3.3/lib/plugins/maven-repository-metadata-3.0.4.jar
7fb0c0104000-7fb0c0106000 r--s 0000b000 08:03 668698                     /root/.gradle/wrapper/dists/gradle-3.3-all/55gk2rcmfc6p2dg9u9ohc3hw9/gradle-3.3/lib/plugins/maven-artifact-3.0.4.jar
7fb0c0106000-7fb0c0108000 r--s 00026000 08:03 668697                     /root/.gradle/wrapper/dists/gradle-3.3-all/55gk2rcmfc6p2dg9u9ohc3hw9/gradle-3.3/lib/plugins/maven-model-3.0.4.jar
7fb0c0108000-7fb0c010c000 r--s 00021000 08:03 668696                     /root/.gradle/wrapper/dists/gradle-3.3-all/55gk2rcmfc6p2dg9u9ohc3hw9/gradle-3.3/lib/plugins/maven-model-builder-3.0.4.jar
7fb0c010c000-7fb0c0112000 r--s 0003f000 08:03 668695                     /root/.gradle/wrapper/dists/gradle-3.3-all/55gk2rcmfc6p2dg9u9ohc3hw9/gradle-3.3/lib/plugins/maven-compat-3.0.4.jar
7fb0c0112000-7fb0c0113000 r--s 00006000 08:03 668694                     /root/.gradle/wrapper/dists/gradle-3.3-all/55gk2rcmfc6p2dg9u9ohc3hw9/gradle-3.3/lib/plugins/plexus-sec-dispatcher-1.3.jar
7fb0c0113000-7fb0c0115000 r--s 00002000 08:03 668693                     /root/.gradle/wrapper/dists/gradle-3.3-all/55gk2rcmfc6p2dg9u9ohc3hw9/gradle-3.3/lib/plugins/plexus-cipher-1.7.jar
7fb0c0115000-7fb0c0117000 r--s 0000a000 08:03 668692                     /root/.gradle/wrapper/dists/gradle-3.3-all/55gk2rcmfc6p2dg9u9ohc3hw9/gradle-3.3/lib/plugins/plexus-classworlds-2.4.jar
7fb0c0117000-7fb0c011e000 r--s 0002e000 08:03 668691                     /root/.gradle/wrapper/dists/gradle-3.3-all/55gk2rcmfc6p2dg9u9ohc3hw9/gradle-3.3/lib/plugins/plexus-container-default-1.5.5.jar
7fb0c011e000-7fb0c0120000 r--s 00000000 08:03 668718                     /root/.gradle/wrapper/dists/gradle-3.3-all/55gk2rcmfc6p2dg9u9ohc3hw9/gradle-3.3/lib/plugins/plexus-component-annotations-1.5.5.jar
7fb0c0120000-7fb0c0122000 r--s 0000d000 08:03 668690                     /root/.gradle/wrapper/dists/gradle-3.3-all/55gk2rcmfc6p2dg9u9ohc3hw9/gradle-3.3/lib/plugins/plexus-interpolation-1.14.jar
7fb0c0122000-7fb0c0126000 r--s 00033000 08:03 668689                     /root/.gradle/wrapper/dists/gradle-3.3-all/55gk2rcmfc6p2dg9u9ohc3hw9/gradle-3.3/lib/plugins/plexus-utils-2.0.6.jar
7fb0c0126000-7fb0c0129000 r--s 00008000 08:03 668688                     /root/.gradle/wrapper/dists/gradle-3.3-all/55gk2rcmfc6p2dg9u9ohc3hw9/gradle-3.3/lib/plugins/maven-settings-builder-3.0.4.jar
7fb0c0129000-7fb0c012b000 r--s 0000a000 08:03 668687                     /root/.gradle/wrapper/dists/gradle-3.3-all/55gk2rcmfc6p2dg9u9ohc3hw9/gradle-3.3/lib/plugins/maven-settings-3.0.4.jar
7fb0c012b000-7fb0c0130000 r--s 00040000 08:03 668673                     /root/.gradle/wrapper/dists/gradle-3.3-all/55gk2rcmfc6p2dg9u9ohc3hw9/gradle-3.3/lib/plugins/jsch-0.1.53.jar
7fb0c0130000-7fb0c0170000 r--s 00277000 08:03 668683                     /root/.gradle/wrapper/dists/gradle-3.3-all/55gk2rcmfc6p2dg9u9ohc3hw9/gradle-3.3/lib/plugins/bcprov-jdk15on-1.51.jar
7fb0c0170000-7fb0c0174000 r--s 0001d000 08:03 668682                     /root/.gradle/wrapper/dists/gradle-3.3-all/55gk2rcmfc6p2dg9u9ohc3hw9/gradle-3.3/lib/plugins/xbean-reflect-3.4.jar
7fb0c0174000-7fb0c0180000 r--s 0007d000 08:03 668660                     /root/.gradle/wrapper/dists/gradle-3.3-all/55gk2rcmfc6p2dg9u9ohc3hw9/gradle-3.3/lib/plugins/maven-core-3.0.4.jar
7fb0c0180000-7fb0c0185000 r--s 00034000 08:03 668666                     /root/.gradle/wrapper/dists/gradle-3.3-all/55gk2rcmfc6p2dg9u9ohc3hw9/gradle-3.3/lib/plugins/gson-2.7.jar
7fb0c0185000-7fb0c0194000 r--s 000d9000 08:03 668681                     /root/.gradle/wrapper/dists/gradle-3.3-all/55gk2rcmfc6p2dg9u9ohc3hw9/gradle-3.3/lib/plugins/ivy-2.2.0.jar
7fb0c0194000-7fb0c01b3000 r--s 000f6000 08:03 668649                     /root/.gradle/wrapper/dists/gradle-3.3-all/55gk2rcmfc6p2dg9u9ohc3hw9/gradle-3.3/lib/plugins/gradle-dependency-management-3.3.jar
7fb0c01b3000-7fb0c01b5000 r--s 00005000 08:03 668648                     /root/.gradle/wrapper/dists/gradle-3.3-all/55gk2rcmfc6p2dg9u9ohc3hw9/gradle-3.3/lib/plugins/gradle-workers-3.3.jar
7fb0c01b5000-7fb0c01cc000 r-xp 00000000 08:03 2899789                    /opt/android-studio/jre/jre/lib/amd64/libnet.so
7fb0c01cc000-7fb0c03cb000 ---p 00017000 08:03 2899789                    /opt/android-studio/jre/jre/lib/amd64/libnet.so
7fb0c03cb000-7fb0c03cc000 r--p 00016000 08:03 2899789                    /opt/android-studio/jre/jre/lib/amd64/libnet.so
7fb0c03cc000-7fb0c03cd000 rw-p 00017000 08:03 2899789                    /opt/android-studio/jre/jre/lib/amd64/libnet.so
7fb0c03cd000-7fb0c03d7000 r--s 00116000 08:03 3028269                    /opt/android-studio/jre/jre/lib/ext/localedata.jar
7fb0c03d7000-7fb0c03d8000 r--s 00006000 08:03 668553                     /root/.gradle/wrapper/dists/gradle-3.3-all/55gk2rcmfc6p2dg9u9ohc3hw9/gradle-3.3/lib/gradle-wrapper-3.3.jar
7fb0c03d8000-7fb0c03e5000 r--s 00041000 08:03 668560                     /root/.gradle/wrapper/dists/gradle-3.3-all/55gk2rcmfc6p2dg9u9ohc3hw9/gradle-3.3/lib/gradle-tooling-api-3.3.jar
7fb0c03e5000-7fb0c03e7000 r--s 00002000 08:03 668580                     /root/.gradle/wrapper/dists/gradle-3.3-all/55gk2rcmfc6p2dg9u9ohc3hw9/gradle-3.3/lib/gradle-open-api-3.3.jar
7fb0c03e7000-7fb0c03ed000 r--s 00032000 08:03 668582                     /root/.gradle/wrapper/dists/gradle-3.3-all/55gk2rcmfc6p2dg9u9ohc3hw9/gradle-3.3/lib/jaxen-1.1.jar
7fb0c03ed000-7fb0c03f2000 r--s 00048000 08:03 668581                     /root/.gradle/wrapper/dists/gradle-3.3-all/55gk2rcmfc6p2dg9u9ohc3hw9/gradle-3.3/lib/dom4j-1.6.1.jar
7fb0c03f2000-7fb0c03fd000 r--s 00059000 08:03 668559                     /root/.gradle/wrapper/dists/gradle-3.3-all/55gk2rcmfc6p2dg9u9ohc3hw9/gradle-3.3/lib/gradle-ui-3.3.jar
7fb0c03fd000-7fb0c0406000 r--s 0008c000 08:03 668551                     /root/.gradle/wrapper/dists/gradle-3.3-all/55gk2rcmfc6p2dg9u9ohc3hw9/gradle-3.3/lib/kotlin-stdlib-1.1-M02.jar
7fb0c0406000-7fb0c040c000 r--s 0002a000 08:03 668550                     /root/.gradle/wrapper/dists/gradle-3.3-all/55gk2rcmfc6p2dg9u9ohc3hw9/gradle-3.3/lib/kotlin-runtime-1.1-M02.jar
7fb0c040c000-7fb0c0440000 r--s 00256000 08:03 668549                     /root/.gradle/wrapper/dists/gradle-3.3-all/55gk2rcmfc6p2dg9u9ohc3hw9/gradle-3.3/lib/kotlin-reflect-1.1-M02.jar
7fb0c0440000-7fb0c05d6000 r--s 0157e000 08:03 668548                     /root/.gradle/wrapper/dists/gradle-3.3-all/55gk2rcmfc6p2dg9u9ohc3hw9/gradle-3.3/lib/kotlin-compiler-embeddable-1.1-M02.jar
7fb0c05d6000-7fb0c05de000 r--s 0004e000 08:03 668547                     /root/.gradle/wrapper/dists/gradle-3.3-all/55gk2rcmfc6p2dg9u9ohc3hw9/gradle-3.3/lib/gradle-script-kotlin-0.5.1.jar
7fb0c05de000-7fb0c05e1000 r--s 0000b000 08:03 668578                     /root/.gradle/wrapper/dists/gradle-3.3-all/55gk2rcmfc6p2dg9u9ohc3hw9/gradle-3.3/lib/gradle-resources-3.3.jar
7fb0c05e1000-7fb0c05e3000 r--s 00003000 08:03 668587                     /root/.gradle/wrapper/dists/gradle-3.3-all/55gk2rcmfc6p2dg9u9ohc3hw9/gradle-3.3/lib/jcl-over-slf4j-1.7.10.jar
7fb0c05e3000-7fb0c05e4000 r--s 00005000 08:03 668586                     /root/.gradle/wrapper/dists/gradle-3.3-all/55gk2rcmfc6p2dg9u9ohc3hw9/gradle-3.3/lib/log4j-over-slf4j-1.7.10.jar
7fb0c05e4000-7fb0c05e6000 r--s 00000000 08:03 668585                     /root/.gradle/wrapper/dists/gradle-3.3-all/55gk2rcmfc6p2dg9u9ohc3hw9/gradle-3.3/lib/jul-to-slf4j-1.7.10.jar
7fb0c05e6000-7fb0c05eb000 r--s 0001e000 08:03 668562                     /root/.gradle/wrapper/dists/gradle-3.3-all/55gk2rcmfc6p2dg9u9ohc3hw9/gradle-3.3/lib/gradle-logging-3.3.jar
7fb0c05eb000-7fb0c05ed000 r--s 00007000 08:03 668606                     /root/.gradle/wrapper/dists/gradle-3.3-all/55gk2rcmfc6p2dg9u9ohc3hw9/gradle-3.3/lib/objenesis-1.2.jar
7fb0c05ed000-7fb0c065d000 r--s 00641000 08:03 668567                     /root/.gradle/wrapper/dists/gradle-3.3-all/55gk2rcmfc6p2dg9u9ohc3hw9/gradle-3.3/lib/groovy-all-2.4.7.jar
7fb0c065d000-7fb0c065e000 ---p 00000000 00:00 0 
7fb0c065e000-7fb0c075e000 rw-p 00000000 00:00 0 
7fb0c075e000-7fb0c0761000 ---p 00000000 00:00 0 
7fb0c0761000-7fb0c085f000 rw-p 00000000 00:00 0 
7fb0c085f000-7fb0c0862000 ---p 00000000 00:00 0 
7fb0c0862000-7fb0c0960000 rw-p 00000000 00:00 0 
7fb0c0960000-7fb0c0963000 ---p 00000000 00:00 0 
7fb0c0963000-7fb0c0a61000 rw-p 00000000 00:00 0 
7fb0c0a61000-7fb0c0a64000 ---p 00000000 00:00 0 
7fb0c0a64000-7fb0c0b62000 rw-p 00000000 00:00 0 
7fb0c0b62000-7fb0c0b65000 ---p 00000000 00:00 0 
7fb0c0b65000-7fb0c0c63000 rw-p 00000000 00:00 0 
7fb0c0c63000-7fb0c0dfe000 r--p 00000000 08:03 3461076                    /usr/lib/locale/locale-archive
7fb0c0dfe000-7fb0c0e01000 ---p 00000000 00:00 0 
7fb0c0e01000-7fb0c0eff000 rw-p 00000000 00:00 0 
7fb0c0eff000-7fb0c0f02000 ---p 00000000 00:00 0 
7fb0c0f02000-7fb0c4000000 rw-p 00000000 00:00 0 
7fb0c4000000-7fb0c4041000 rw-p 00000000 00:00 0 
7fb0c4041000-7fb0c8000000 ---p 00000000 00:00 0 
7fb0c8000000-7fb0c8002000 r--s 00000000 08:03 668605                     /root/.gradle/wrapper/dists/gradle-3.3-all/55gk2rcmfc6p2dg9u9ohc3hw9/gradle-3.3/lib/minlog-1.2.jar
7fb0c8002000-7fb0c8004000 r--s 0000f000 08:03 668604                     /root/.gradle/wrapper/dists/gradle-3.3-all/55gk2rcmfc6p2dg9u9ohc3hw9/gradle-3.3/lib/reflectasm-1.07-shaded.jar
7fb0c8004000-7fb0c8008000 r--s 00026000 08:03 668589                     /root/.gradle/wrapper/dists/gradle-3.3-all/55gk2rcmfc6p2dg9u9ohc3hw9/gradle-3.3/lib/kryo-2.20.jar
7fb0c8008000-7fb0c800e000 r--s 00027000 08:03 668577                     /root/.gradle/wrapper/dists/gradle-3.3-all/55gk2rcmfc6p2dg9u9ohc3hw9/gradle-3.3/lib/gradle-messaging-3.3.jar
7fb0c800e000-7fb0c800f000 r--s 00001000 08:03 668603                     /root/.gradle/wrapper/dists/gradle-3.3-all/55gk2rcmfc6p2dg9u9ohc3hw9/gradle-3.3/lib/native-platform-linux-i386-ncurses6-0.12.jar
7fb0c800f000-7fb0c8010000 r--s 00001000 08:03 668602                     /root/.gradle/wrapper/dists/gradle-3.3-all/55gk2rcmfc6p2dg9u9ohc3hw9/gradle-3.3/lib/native-platform-linux-i386-ncurses5-0.12.jar
7fb0c8010000-7fb0c8011000 r--s 00001000 08:03 668601                     /root/.gradle/wrapper/dists/gradle-3.3-all/55gk2rcmfc6p2dg9u9ohc3hw9/gradle-3.3/lib/native-platform-linux-amd64-ncurses6-0.12.jar
7fb0c8011000-7fb0c8012000 r--s 00001000 08:03 668600                     /root/.gradle/wrapper/dists/gradle-3.3-all/55gk2rcmfc6p2dg9u9ohc3hw9/gradle-3.3/lib/native-platform-linux-amd64-ncurses5-0.12.jar
7fb0c8012000-7fb0c8013000 r--s 0000b000 08:03 668599                     /root/.gradle/wrapper/dists/gradle-3.3-all/55gk2rcmfc6p2dg9u9ohc3hw9/gradle-3.3/lib/native-platform-windows-i386-0.12.jar
7fb0c8013000-7fb0c8015000 r--s 0000b000 08:03 668598                     /root/.gradle/wrapper/dists/gradle-3.3-all/55gk2rcmfc6p2dg9u9ohc3hw9/gradle-3.3/lib/native-platform-windows-amd64-0.12.jar
7fb0c8015000-7fb0c8017000 r--s 00002000 08:03 668597                     /root/.gradle/wrapper/dists/gradle-3.3-all/55gk2rcmfc6p2dg9u9ohc3hw9/gradle-3.3/lib/native-platform-osx-i386-0.12.jar
7fb0c8017000-7fb0c8018000 r--s 00002000 08:03 668596                     /root/.gradle/wrapper/dists/gradle-3.3-all/55gk2rcmfc6p2dg9u9ohc3hw9/gradle-3.3/lib/native-platform-osx-amd64-0.12.jar
7fb0c8018000-7fb0c8019000 r--s 00002000 08:03 668595                     /root/.gradle/wrapper/dists/gradle-3.3-all/55gk2rcmfc6p2dg9u9ohc3hw9/gradle-3.3/lib/native-platform-linux-i386-0.12.jar
7fb0c8019000-7fb0c801a000 r--s 00002000 08:03 668594                     /root/.gradle/wrapper/dists/gradle-3.3-all/55gk2rcmfc6p2dg9u9ohc3hw9/gradle-3.3/lib/native-platform-linux-amd64-0.12.jar
7fb0c801a000-7fb0c801b000 r--s 00003000 08:03 668593                     /root/.gradle/wrapper/dists/gradle-3.3-all/55gk2rcmfc6p2dg9u9ohc3hw9/gradle-3.3/lib/native-platform-freebsd-i386-libstdcpp-0.12.jar
7fb0c801b000-7fb0c801c000 r--s 00004000 08:03 668592                     /root/.gradle/wrapper/dists/gradle-3.3-all/55gk2rcmfc6p2dg9u9ohc3hw9/gradle-3.3/lib/native-platform-freebsd-i386-libcpp-0.12.jar
7fb0c801c000-7fb0c801e000 r--s 00003000 08:03 668591                     /root/.gradle/wrapper/dists/gradle-3.3-all/55gk2rcmfc6p2dg9u9ohc3hw9/gradle-3.3/lib/native-platform-freebsd-amd64-libstdcpp-0.12.jar
7fb0c801e000-7fb0c8021000 r--s 00023000 08:03 668584                     /root/.gradle/wrapper/dists/gradle-3.3-all/55gk2rcmfc6p2dg9u9ohc3hw9/gradle-3.3/lib/jansi-1.14.jar
7fb0c8021000-7fb0c8025000 r--s 00011000 08:03 668583                     /root/.gradle/wrapper/dists/gradle-3.3-all/55gk2rcmfc6p2dg9u9ohc3hw9/gradle-3.3/lib/native-platform-0.12.jar
7fb0c8025000-7fb0c8028000 r--s 0000a000 08:03 668561                     /root/.gradle/wrapper/dists/gradle-3.3-all/55gk2rcmfc6p2dg9u9ohc3hw9/gradle-3.3/lib/gradle-native-3.3.jar
7fb0c8028000-7fb0c802a000 r--s 00005000 08:03 668558                     /root/.gradle/wrapper/dists/gradle-3.3-all/55gk2rcmfc6p2dg9u9ohc3hw9/gradle-3.3/lib/gradle-cli-3.3.jar
7fb0c802a000-7fb0c802c000 r--s 00007000 08:03 668569                     /root/.gradle/wrapper/dists/gradle-3.3-all/55gk2rcmfc6p2dg9u9ohc3hw9/gradle-3.3/lib/gradle-model-groovy-3.3.jar
7fb0c802c000-7fb0c802e000 r--s 00006000 08:03 668576                     /root/.gradle/wrapper/dists/gradle-3.3-all/55gk2rcmfc6p2dg9u9ohc3hw9/gradle-3.3/lib/gradle-base-services-groovy-3.3.jar
7fb0c802e000-7fb0c803d000 r--s 0007f000 08:03 668568                     /root/.gradle/wrapper/dists/gradle-3.3-all/55gk2rcmfc6p2dg9u9ohc3hw9/gradle-3.3/lib/gradle-model-core-3.3.jar
7fb0c803d000-7fb0c804a000 r--s 00083000 08:03 668572                     /root/.gradle/wrapper/dists/gradle-3.3-all/55gk2rcmfc6p2dg9u9ohc3hw9/gradle-3.3/lib/commons-collections-3.2.2.jar
7fb0c804a000-7fb0c8072000 r--s 001cf000 08:03 668564                     /root/.gradle/wrapper/dists/gradle-3.3-all/55gk2rcmfc6p2dg9u9ohc3hw9/gradle-3.3/lib/guava-jdk5-17.0.jar
7fb0c8072000-7fb0c80af000 r--s 001f8000 08:03 668557                     /root/.gradle/wrapper/dists/gradle-3.3-all/55gk2rcmfc6p2dg9u9ohc3hw9/gradle-3.3/lib/gradle-core-3.3.jar
7fb0c80af000-7fb0c80b0000 ---p 00000000 00:00 0 
7fb0c80b0000-7fb0c9000000 rw-p 00000000 00:00 0 
7fb0c9000000-7fb0cb090000 rwxp 00000000 00:00 0 
7fb0cb090000-7fb0d8000000 ---p 00000000 00:00 0 
7fb0d8000000-7fb0d8dad000 rw-p 00000000 00:00 0 
7fb0d8dad000-7fb0dc000000 ---p 00000000 00:00 0 
7fb0dc000000-7fb0dc01f000 r--s 001d1000 08:03 668571                     /root/.gradle/wrapper/dists/gradle-3.3-all/55gk2rcmfc6p2dg9u9ohc3hw9/gradle-3.3/lib/ant-1.9.6.jar
7fb0dc01f000-7fb0dc1b0000 rw-p 00000000 00:00 0 
7fb0dc1b0000-7fb0dc37f000 r--s 03c1b000 08:03 2899733                    /opt/android-studio/jre/jre/lib/rt.jar
7fb0dc37f000-7fb0dcef5000 rw-p 00000000 00:00 0 
7fb0dcef5000-7fb0dcef6000 ---p 00000000 00:00 0 
7fb0dcef6000-7fb0dcff6000 rw-p 00000000 00:00 0 
7fb0dcff6000-7fb0dcff7000 ---p 00000000 00:00 0 
7fb0dcff7000-7fb0dd0f7000 rw-p 00000000 00:00 0 
7fb0dd0f7000-7fb0dd0f8000 ---p 00000000 00:00 0 
7fb0dd0f8000-7fb0dd1f8000 rw-p 00000000 00:00 0 
7fb0dd1f8000-7fb0dd1f9000 ---p 00000000 00:00 0 
7fb0dd1f9000-7fb0dd474000 rw-p 00000000 00:00 0 
7fb0dd474000-7fb0dd4f9000 ---p 00000000 00:00 0 
7fb0dd4f9000-7fb0dd674000 rw-p 00000000 00:00 0 
7fb0dd674000-7fb0dd6f9000 ---p 00000000 00:00 0 
7fb0dd6f9000-7fb0dd7ec000 rw-p 00000000 00:00 0 
7fb0dd7ec000-7fb0dd7f9000 ---p 00000000 00:00 0 
7fb0dd7f9000-7fb0dd87d000 rw-p 00000000 00:00 0 
7fb0dd87d000-7fb0ddbba000 ---p 00000000 00:00 0 
7fb0ddbba000-7fb0ddbd4000 r-xp 00000000 08:03 2899792                    /opt/android-studio/jre/jre/lib/amd64/libzip.so
7fb0ddbd4000-7fb0dddd4000 ---p 0001a000 08:03 2899792                    /opt/android-studio/jre/jre/lib/amd64/libzip.so
7fb0dddd4000-7fb0dddd5000 r--p 0001a000 08:03 2899792                    /opt/android-studio/jre/jre/lib/amd64/libzip.so
7fb0dddd5000-7fb0dddd6000 rw-p 0001b000 08:03 2899792                    /opt/android-studio/jre/jre/lib/amd64/libzip.so
7fb0dddd6000-7fb0ddde1000 r-xp 00000000 08:03 3416683                    /usr/lib/libnss_files-2.26.so
7fb0ddde1000-7fb0ddfe0000 ---p 0000b000 08:03 3416683                    /usr/lib/libnss_files-2.26.so
7fb0ddfe0000-7fb0ddfe1000 r--p 0000a000 08:03 3416683                    /usr/lib/libnss_files-2.26.so
7fb0ddfe1000-7fb0ddfe2000 rw-p 0000b000 08:03 3416683                    /usr/lib/libnss_files-2.26.so
7fb0ddfe2000-7fb0ddfe8000 rw-p 00000000 00:00 0 
7fb0ddfe8000-7fb0ddff3000 r-xp 00000000 08:03 3416680                    /usr/lib/libnss_nis-2.26.so
7fb0ddff3000-7fb0de1f2000 ---p 0000b000 08:03 3416680                    /usr/lib/libnss_nis-2.26.so
7fb0de1f2000-7fb0de1f3000 r--p 0000a000 08:03 3416680                    /usr/lib/libnss_nis-2.26.so
7fb0de1f3000-7fb0de1f4000 rw-p 0000b000 08:03 3416680                    /usr/lib/libnss_nis-2.26.so
7fb0de1f4000-7fb0de208000 r-xp 00000000 08:03 3416669                    /usr/lib/libnsl-2.26.so
7fb0de208000-7fb0de408000 ---p 00014000 08:03 3416669                    /usr/lib/libnsl-2.26.so
7fb0de408000-7fb0de409000 r--p 00014000 08:03 3416669                    /usr/lib/libnsl-2.26.so
7fb0de409000-7fb0de40a000 rw-p 00015000 08:03 3416669                    /usr/lib/libnsl-2.26.so
7fb0de40a000-7fb0de40c000 rw-p 00000000 00:00 0 
7fb0de40c000-7fb0de413000 r-xp 00000000 08:03 3416687                    /usr/lib/libnss_compat-2.26.so
7fb0de413000-7fb0de612000 ---p 00007000 08:03 3416687                    /usr/lib/libnss_compat-2.26.so
7fb0de612000-7fb0de613000 r--p 00006000 08:03 3416687                    /usr/lib/libnss_compat-2.26.so
7fb0de613000-7fb0de614000 rw-p 00007000 08:03 3416687                    /usr/lib/libnss_compat-2.26.so
7fb0de614000-7fb0de641000 r-xp 00000000 08:03 2899782                    /opt/android-studio/jre/jre/lib/amd64/libjava.so
7fb0de641000-7fb0de840000 ---p 0002d000 08:03 2899782                    /opt/android-studio/jre/jre/lib/amd64/libjava.so
7fb0de840000-7fb0de841000 r--p 0002c000 08:03 2899782                    /opt/android-studio/jre/jre/lib/amd64/libjava.so
7fb0de841000-7fb0de843000 rw-p 0002d000 08:03 2899782                    /opt/android-studio/jre/jre/lib/amd64/libjava.so
7fb0de843000-7fb0de853000 r-xp 00000000 08:03 2899766                    /opt/android-studio/jre/jre/lib/amd64/libverify.so
7fb0de853000-7fb0dea52000 ---p 00010000 08:03 2899766                    /opt/android-studio/jre/jre/lib/amd64/libverify.so
7fb0dea52000-7fb0dea54000 r--p 0000f000 08:03 2899766                    /opt/android-studio/jre/jre/lib/amd64/libverify.so
7fb0dea54000-7fb0dea55000 rw-p 00011000 08:03 2899766                    /opt/android-studio/jre/jre/lib/amd64/libverify.so
7fb0dea55000-7fb0dea5c000 r-xp 00000000 08:03 3416663                    /usr/lib/librt-2.26.so
7fb0dea5c000-7fb0dec5b000 ---p 00007000 08:03 3416663                    /usr/lib/librt-2.26.so
7fb0dec5b000-7fb0dec5c000 r--p 00006000 08:03 3416663                    /usr/lib/librt-2.26.so
7fb0dec5c000-7fb0dec5d000 rw-p 00007000 08:03 3416663                    /usr/lib/librt-2.26.so
7fb0dec5d000-7fb0deda8000 r-xp 00000000 08:03 3416674                    /usr/lib/libm-2.26.so
7fb0deda8000-7fb0defa7000 ---p 0014b000 08:03 3416674                    /usr/lib/libm-2.26.so
7fb0defa7000-7fb0defa8000 r--p 0014a000 08:03 3416674                    /usr/lib/libm-2.26.so
7fb0defa8000-7fb0defa9000 rw-p 0014b000 08:03 3416674                    /usr/lib/libm-2.26.so
7fb0defa9000-7fb0dfb9a000 r-xp 00000000 08:03 2899800                    /opt/android-studio/jre/jre/lib/amd64/server/libjvm.so
7fb0dfb9a000-7fb0dfd9a000 ---p 00bf1000 08:03 2899800                    /opt/android-studio/jre/jre/lib/amd64/server/libjvm.so
7fb0dfd9a000-7fb0dfe39000 r--p 00bf1000 08:03 2899800                    /opt/android-studio/jre/jre/lib/amd64/server/libjvm.so
7fb0dfe39000-7fb0dfe62000 rw-p 00c90000 08:03 2899800                    /opt/android-studio/jre/jre/lib/amd64/server/libjvm.so
7fb0dfe62000-7fb0dfea6000 rw-p 00000000 00:00 0 
7fb0dfea6000-7fb0dfebf000 r-xp 00000000 08:03 3416760                    /usr/lib/libpthread-2.26.so
7fb0dfebf000-7fb0e00be000 ---p 00019000 08:03 3416760                    /usr/lib/libpthread-2.26.so
7fb0e00be000-7fb0e00bf000 r--p 00018000 08:03 3416760                    /usr/lib/libpthread-2.26.so
7fb0e00bf000-7fb0e00c0000 rw-p 00019000 08:03 3416760                    /usr/lib/libpthread-2.26.so
7fb0e00c0000-7fb0e00c4000 rw-p 00000000 00:00 0 
7fb0e00c4000-7fb0e00c7000 r-xp 00000000 08:03 3416676                    /usr/lib/libdl-2.26.so
7fb0e00c7000-7fb0e02c6000 ---p 00003000 08:03 3416676                    /usr/lib/libdl-2.26.so
7fb0e02c6000-7fb0e02c7000 r--p 00002000 08:03 3416676                    /usr/lib/libdl-2.26.so
7fb0e02c7000-7fb0e02c8000 rw-p 00003000 08:03 3416676                    /usr/lib/libdl-2.26.so
7fb0e02c8000-7fb0e0476000 r-xp 00000000 08:03 3416738                    /usr/lib/libc-2.26.so
7fb0e0476000-7fb0e0675000 ---p 001ae000 08:03 3416738                    /usr/lib/libc-2.26.so
7fb0e0675000-7fb0e0679000 r--p 001ad000 08:03 3416738                    /usr/lib/libc-2.26.so
7fb0e0679000-7fb0e067b000 rw-p 001b1000 08:03 3416738                    /usr/lib/libc-2.26.so
7fb0e067b000-7fb0e067f000 rw-p 00000000 00:00 0 
7fb0e067f000-7fb0e0695000 r-xp 00000000 08:03 2899671                    /opt/android-studio/jre/lib/amd64/jli/libjli.so
7fb0e0695000-7fb0e0894000 ---p 00016000 08:03 2899671                    /opt/android-studio/jre/lib/amd64/jli/libjli.so
7fb0e0894000-7fb0e0895000 r--p 00015000 08:03 2899671                    /opt/android-studio/jre/lib/amd64/jli/libjli.so
7fb0e0895000-7fb0e0896000 rw-p 00016000 08:03 2899671                    /opt/android-studio/jre/lib/amd64/jli/libjli.so
7fb0e0896000-7fb0e08bb000 r-xp 00000000 08:03 3416739                    /usr/lib/ld-2.26.so
7fb0e08bb000-7fb0e08bc000 r--s 00004000 08:03 668590                     /root/.gradle/wrapper/dists/gradle-3.3-all/55gk2rcmfc6p2dg9u9ohc3hw9/gradle-3.3/lib/native-platform-freebsd-amd64-libcpp-0.12.jar
7fb0e08bc000-7fb0e08bd000 r--s 00002000 08:03 668579                     /root/.gradle/wrapper/dists/gradle-3.3-all/55gk2rcmfc6p2dg9u9ohc3hw9/gradle-3.3/lib/gradle-docs-3.3.jar
7fb0e08bd000-7fb0e08be000 r--s 00000000 08:03 668575                     /root/.gradle/wrapper/dists/gradle-3.3-all/55gk2rcmfc6p2dg9u9ohc3hw9/gradle-3.3/lib/javax.inject-1.jar
7fb0e08be000-7fb0e08bf000 r--s 00000000 08:03 668574                     /root/.gradle/wrapper/dists/gradle-3.3-all/55gk2rcmfc6p2dg9u9ohc3hw9/gradle-3.3/lib/jcip-annotations-1.0.jar
7fb0e08bf000-7fb0e08c3000 r--s 00027000 08:03 668573                     /root/.gradle/wrapper/dists/gradle-3.3-all/55gk2rcmfc6p2dg9u9ohc3hw9/gradle-3.3/lib/commons-io-2.2.jar
7fb0e08c3000-7fb0e08c8000 r--s 00038000 08:03 668570                     /root/.gradle/wrapper/dists/gradle-3.3-all/55gk2rcmfc6p2dg9u9ohc3hw9/gradle-3.3/lib/asm-all-5.1.jar
7fb0e08c8000-7fb0e08c9000 r--s 00001000 08:03 668566                     /root/.gradle/wrapper/dists/gradle-3.3-all/55gk2rcmfc6p2dg9u9ohc3hw9/gradle-3.3/lib/gradle-process-services-3.3.jar
7fb0e08c9000-7fb0e08cb000 r--s 00000000 08:03 668556                     /root/.gradle/wrapper/dists/gradle-3.3-all/55gk2rcmfc6p2dg9u9ohc3hw9/gradle-3.3/lib/gradle-jvm-services-3.3.jar
7fb0e08cb000-7fb0e08cc000 r--s 00000000 08:03 668720                     /root/.gradle/wrapper/dists/gradle-3.3-all/55gk2rcmfc6p2dg9u9ohc3hw9/gradle-3.3/lib/gradle-version-info-3.3.jar
7fb0e08cc000-7fb0e08d1000 r--s 00041000 08:03 668565                     /root/.gradle/wrapper/dists/gradle-3.3-all/55gk2rcmfc6p2dg9u9ohc3hw9/gradle-3.3/lib/commons-lang-2.6.jar
7fb0e08d1000-7fb0e08d2000 r--s 00007000 08:03 668563                     /root/.gradle/wrapper/dists/gradle-3.3-all/55gk2rcmfc6p2dg9u9ohc3hw9/gradle-3.3/lib/slf4j-api-1.7.10.jar
7fb0e08d2000-7fb0e0994000 rw-p 00000000 00:00 0 
7fb0e0994000-7fb0e0997000 ---p 00000000 00:00 0 
7fb0e0997000-7fb0e0a97000 rw-p 00000000 00:00 0 
7fb0e0a97000-7fb0e0a98000 r--s 00004000 08:03 668588                     /root/.gradle/wrapper/dists/gradle-3.3-all/55gk2rcmfc6p2dg9u9ohc3hw9/gradle-3.3/lib/ant-launcher-1.9.6.jar
7fb0e0a98000-7fb0e0aa1000 r--s 00042000 08:03 668555                     /root/.gradle/wrapper/dists/gradle-3.3-all/55gk2rcmfc6p2dg9u9ohc3hw9/gradle-3.3/lib/gradle-base-services-3.3.jar
7fb0e0aa1000-7fb0e0aae000 r--s 0005c000 08:03 668552                     /root/.gradle/wrapper/dists/gradle-3.3-all/55gk2rcmfc6p2dg9u9ohc3hw9/gradle-3.3/lib/gradle-launcher-3.3.jar
7fb0e0aae000-7fb0e0ab6000 rw-s 00000000 00:24 1080899                    /tmp/hsperfdata_root/20479
7fb0e0ab6000-7fb0e0ab7000 rw-p 00000000 00:00 0 
7fb0e0ab7000-7fb0e0ab8000 ---p 00000000 00:00 0 
7fb0e0ab8000-7fb0e0aba000 rw-p 00000000 00:00 0 
7fb0e0aba000-7fb0e0abb000 r--p 00024000 08:03 3416739                    /usr/lib/ld-2.26.so
7fb0e0abb000-7fb0e0abc000 rw-p 00025000 08:03 3416739                    /usr/lib/ld-2.26.so
7fb0e0abc000-7fb0e0abd000 rw-p 00000000 00:00 0 
7ffc0f1c7000-7ffc0f1e8000 rw-p 00000000 00:00 0                          [stack]
7ffc0f1eb000-7ffc0f1ee000 r--p 00000000 00:00 0                          [vvar]
7ffc0f1ee000-7ffc0f1f0000 r-xp 00000000 00:00 0                          [vdso]
ffffffffff600000-ffffffffff601000 r-xp 00000000 00:00 0                  [vsyscall]

VM Arguments:
jvm_args: -Xmx1536m -Dfile.encoding=UTF-8 -Duser.country=FR -Duser.language=fr -Duser.variant 
java_command: org.gradle.launcher.daemon.bootstrap.GradleDaemon 3.3
java_class_path (initial): /root/.gradle/wrapper/dists/gradle-3.3-all/55gk2rcmfc6p2dg9u9ohc3hw9/gradle-3.3/lib/gradle-launcher-3.3.jar
Launcher Type: SUN_STANDARD

Environment Variables:
PATH=/usr/local/sbin:/usr/local/bin:/usr/bin:/opt/android-sdk/platform-tools:/opt/android-sdk/tools:/opt/android-sdk/tools/bin:/usr/lib/jvm/default/bin:/usr/bin/site_perl:/usr/bin/vendor_perl:/usr/bin/core_perl
LD_LIBRARY_PATH=/opt/android-studio/bin:
SHELL=/bin/zsh
DISPLAY=:0

Signal Handlers:
SIGSEGV: [libjvm.so+0x9e5150], sa_mask[0]=11111111011111111101111111111110, sa_flags=SA_RESTART|SA_SIGINFO
SIGBUS: [libjvm.so+0x9e5150], sa_mask[0]=11111111011111111101111111111110, sa_flags=SA_RESTART|SA_SIGINFO
SIGFPE: [libjvm.so+0x848450], sa_mask[0]=11111111011111111101111111111110, sa_flags=SA_RESTART|SA_SIGINFO
SIGPIPE: [libjvm.so+0x848450], sa_mask[0]=11111111011111111101111111111110, sa_flags=SA_RESTART|SA_SIGINFO
SIGXFSZ: [libjvm.so+0x848450], sa_mask[0]=11111111011111111101111111111110, sa_flags=SA_RESTART|SA_SIGINFO
SIGILL: [libjvm.so+0x848450], sa_mask[0]=11111111011111111101111111111110, sa_flags=SA_RESTART|SA_SIGINFO
SIGUSR1: SIG_DFL, sa_mask[0]=00000000000000000000000000000000, sa_flags=none
SIGUSR2: [libjvm.so+0x848320], sa_mask[0]=00100000000000000000000000000000, sa_flags=SA_RESTART|SA_SIGINFO
SIGHUP: [libjvm.so+0x848510], sa_mask[0]=11111111011111111101111111111110, sa_flags=SA_RESTART|SA_SIGINFO
SIGINT: [libjvm.so+0x848510], sa_mask[0]=11111111011111111101111111111110, sa_flags=SA_RESTART|SA_SIGINFO
SIGTERM: [libjvm.so+0x848510], sa_mask[0]=11111111011111111101111111111110, sa_flags=SA_RESTART|SA_SIGINFO
SIGQUIT: [libjvm.so+0x848510], sa_mask[0]=11111111011111111101111111111110, sa_flags=SA_RESTART|SA_SIGINFO


---------------  S Y S T E M  ---------------

OS:NAME="Arch Linux"
PRETTY_NAME="Arch Linux"
ID=arch
ID_LIKE=archlinux
ANSI_COLOR="0;36"
HOME_URL="https://www.archlinux.org/"
SUPPORT_URL="https://bbs.archlinux.org/"
BUG_REPORT_URL="https://bugs.archlinux.org/"


uname:Linux 4.13.3-1-ARCH #1 SMP PREEMPT Thu Sep 21 20:33:16 CEST 2017 x86_64
libc:glibc 2.26 NPTL 2.26 
rlimit: STACK 8192k, CORE infinity, NPROC 23391, NOFILE 4096, AS infinity
load average:2,14 1,87 1,16

/proc/meminfo:
MemTotal:        6064988 kB
MemFree:          205856 kB
MemAvailable:     161716 kB
Buffers:           14456 kB
Cached:           547336 kB
SwapCached:            0 kB
Active:          5463608 kB
Inactive:         201412 kB
Active(anon):    5413844 kB
Inactive(anon):   135600 kB
Active(file):      49764 kB
Inactive(file):    65812 kB
Unevictable:           0 kB
Mlocked:               0 kB
SwapTotal:             0 kB
SwapFree:              0 kB
Dirty:             16216 kB
Writeback:             0 kB
AnonPages:       5102736 kB
Mapped:           107064 kB
Shmem:            465184 kB
Slab:              87072 kB
SReclaimable:      48560 kB
SUnreclaim:        38512 kB
KernelStack:        6832 kB
PageTables:        24828 kB
NFS_Unstable:          0 kB
Bounce:                0 kB
WritebackTmp:          0 kB
CommitLimit:     3032492 kB
Committed_AS:    6611372 kB
VmallocTotal:   34359738367 kB
VmallocUsed:           0 kB
VmallocChunk:          0 kB
HardwareCorrupted:     0 kB
AnonHugePages:   3381248 kB
ShmemHugePages:        0 kB
ShmemPmdMapped:        0 kB
HugePages_Total:       0
HugePages_Free:        0
HugePages_Rsvd:        0
HugePages_Surp:        0
Hugepagesize:       2048 kB
DirectMap4k:      116352 kB
DirectMap2M:     6060032 kB


CPU:total 4 (2 cores per cpu, 2 threads per core) family 6 model 42 stepping 7, cmov, cx8, fxsr, mmx, sse, sse2, sse3, ssse3, sse4.1, sse4.2, popcnt, avx, aes, clmul, ht, tsc, tscinvbit

/proc/cpuinfo:
processor	: 0
vendor_id	: GenuineIntel
cpu family	: 6
model		: 42
model name	: Intel(R) Core(TM) i5-2540M CPU @ 2.60GHz
stepping	: 7
microcode	: 0x29
cpu MHz		: 2591.422
cache size	: 3072 KB
physical id	: 0
siblings	: 4
core id		: 0
cpu cores	: 2
apicid		: 0
initial apicid	: 0
fpu		: yes
fpu_exception	: yes
cpuid level	: 13
wp		: yes
flags		: fpu vme de pse tsc msr pae mce cx8 apic sep mtrr pge mca cmov pat pse36 clflush dts acpi mmx fxsr sse sse2 ss ht tm pbe syscall nx rdtscp lm constant_tsc arch_perfmon pebs bts nopl xtopology nonstop_tsc cpuid aperfmperf pni pclmulqdq dtes64 monitor ds_cpl vmx smx est tm2 ssse3 cx16 xtpr pdcm pcid sse4_1 sse4_2 x2apic popcnt tsc_deadline_timer aes xsave avx lahf_lm epb tpr_shadow vnmi flexpriority ept vpid xsaveopt dtherm ida arat pln pts
bugs		:
bogomips	: 5184.79
clflush size	: 64
cache_alignment	: 64
address sizes	: 36 bits physical, 48 bits virtual
power management:

processor	: 1
vendor_id	: GenuineIntel
cpu family	: 6
model		: 42
model name	: Intel(R) Core(TM) i5-2540M CPU @ 2.60GHz
stepping	: 7
microcode	: 0x29
cpu MHz		: 2591.422
cache size	: 3072 KB
physical id	: 0
siblings	: 4
core id		: 0
cpu cores	: 2
apicid		: 1
initial apicid	: 1
fpu		: yes
fpu_exception	: yes
cpuid level	: 13
wp		: yes
flags		: fpu vme de pse tsc msr pae mce cx8 apic sep mtrr pge mca cmov pat pse36 clflush dts acpi mmx fxsr sse sse2 ss ht tm pbe syscall nx rdtscp lm constant_tsc arch_perfmon pebs bts nopl xtopology nonstop_tsc cpuid aperfmperf pni pclmulqdq dtes64 monitor ds_cpl vmx smx est tm2 ssse3 cx16 xtpr pdcm pcid sse4_1 sse4_2 x2apic popcnt tsc_deadline_timer aes xsave avx lahf_lm epb tpr_shadow vnmi flexpriority ept vpid xsaveopt dtherm ida arat pln pts
bugs		:
bogomips	: 5187.99
clflush size	: 64
cache_alignment	: 64
address sizes	: 36 bits physical, 48 bits virtual
power management:

processor	: 2
vendor_id	: GenuineIntel
cpu family	: 6
model		: 42
model name	: Intel(R) Core(TM) i5-2540M CPU @ 2.60GHz
stepping	: 7
microcode	: 0x29
cpu MHz		: 2591.422
cache size	: 3072 KB
physical id	: 0
siblings	: 4
core id		: 1
cpu cores	: 2
apicid		: 2
initial apicid	: 2
fpu		: yes
fpu_exception	: yes
cpuid level	: 13
wp		: yes
flags		: fpu vme de pse tsc msr pae mce cx8 apic sep mtrr pge mca cmov pat pse36 clflush dts acpi mmx fxsr sse sse2 ss ht tm pbe syscall nx rdtscp lm constant_tsc arch_perfmon pebs bts nopl xtopology nonstop_tsc cpuid aperfmperf pni pclmulqdq dtes64 monitor ds_cpl vmx smx est tm2 ssse3 cx16 xtpr pdcm pcid sse4_1 sse4_2 x2apic popcnt tsc_deadline_timer aes xsave avx lahf_lm epb tpr_shadow vnmi flexpriority ept vpid xsaveopt dtherm ida arat pln pts
bugs		:
bogomips	: 5186.43
clflush size	: 64
cache_alignment	: 64
address sizes	: 36 bits physical, 48 bits virtual
power management:

processor	: 3
vendor_id	: GenuineIntel
cpu family	: 6
model		: 42
model name	: Intel(R) Core(TM) i5-2540M CPU @ 2.60GHz
stepping	: 7
microcode	: 0x29
cpu MHz		: 2591.422
cache size	: 3072 KB
physical id	: 0
siblings	: 4
core id		: 1
cpu cores	: 2
apicid		: 3
initial apicid	: 3
fpu		: yes
fpu_exception	: yes
cpuid level	: 13
wp		: yes
flags		: fpu vme de pse tsc msr pae mce cx8 apic sep mtrr pge mca cmov pat pse36 clflush dts acpi mmx fxsr sse sse2 ss ht tm pbe syscall nx rdtscp lm constant_tsc arch_perfmon pebs bts nopl xtopology nonstop_tsc cpuid aperfmperf pni pclmulqdq dtes64 monitor ds_cpl vmx smx est tm2 ssse3 cx16 xtpr pdcm pcid sse4_1 sse4_2 x2apic popcnt tsc_deadline_timer aes xsave avx lahf_lm epb tpr_shadow vnmi flexpriority ept vpid xsaveopt dtherm ida arat pln pts
bugs		:
bogomips	: 5186.43
clflush size	: 64
cache_alignment	: 64
address sizes	: 36 bits physical, 48 bits virtual
power management:



Memory: 4k page, physical 6064988k(205856k free), swap 0k(0k free)

vm_info: OpenJDK 64-Bit Server VM (25.112-b06) for linux-amd64 JRE (1.8.0_112-release-b06), built on Dec  6 2016 12:11:18 by "builder" with gcc 4.8.4

time: Wed Oct  4 10:06:35 2017
elapsed time: 135 seconds (0d 0h 2m 15s)

